#
# A fatal error has been detected by the Java Runtime Environment:
#
#  SIGSEGV (0xb) at pc=0x00000001061efc30, pid=28567, tid=16899
#
# JRE version: Java(TM) SE Runtime Environment (8.0_51-b16) (build 1.8.0_51-b16)
# Java VM: Java HotSpot(TM) 64-Bit Server VM (25.51-b03 mixed mode bsd-amd64 compressed oops)
# Problematic frame:
# V  [libjvm.dylib+0x432c30]
#
# Failed to write core dump. Core dumps have been disabled. To enable core dumping, try "ulimit -c unlimited" before starting Java again
#
# If you would like to submit a bug report, please visit:
#   http://bugreport.java.com/bugreport/crash.jsp
#

---------------  T H R E A D  ---------------

Current thread (0x00007f94dc029000):  JavaThread "JDWP Transport Listener: dt_socket" daemon [_thread_in_vm, id=16899, stack(0x0000700000ab8000,0x0000700000bb8000)]

siginfo: si_signo: 11 (SIGSEGV), si_code: 1 (SEGV_MAPERR), si_addr: 0x000000000000004e

Registers:
RAX=0x0000000000000001, RBX=0x0000700000bb7a8b, RCX=0x00000001065b7190, RDX=0x0000700000bb7a8b
RSP=0x0000700000bb79d0, RBP=0x0000700000bb79e0, RSI=0x00007f94dc029000, RDI=0x000000000000004e
R8 =0x0000000000000000, R9 =0x00007f94db5fb5f0, R10=0x000000008898c55b, R11=0x00007f94db500000
R12=0x00007f94dc029000, R13=0x000000000000004e, R14=0x000000000000004e, R15=0x00007f94db515bc0
RIP=0x00000001061efc30, EFLAGS=0x0000000000010206, ERR=0x0000000000000004
  TRAPNO=0x000000000000000e

Top of Stack: (sp=0x0000700000bb79d0)
0x0000700000bb79d0:   0000700000bb7a8b 0000700000bb7a8b
0x0000700000bb79e0:   0000700000bb7a40 00000001060fff8e
0x0000700000bb79f0:   00007f94dc029000 0000000000000000
0x0000700000bb7a00:   0000000000000000 0000000000000000
0x0000700000bb7a10:   00007f94dc029000 00007f94dc029000
0x0000700000bb7a20:   0000700000bb7a8b 0000700000bb7a90
0x0000700000bb7a30:   000000000000004e 0000000000000009
0x0000700000bb7a40:   0000700000bb7a60 0000000106d8a780
0x0000700000bb7a50:   0000000000000001 0000700000bb7b08
0x0000700000bb7a60:   0000700000bb7ad0 0000000106d6f1f3
0x0000700000bb7a70:   0000700000bb7aa0 00007f94db6c8d30
0x0000700000bb7a80:   0000000a00000032 0000000200bb7b08
0x0000700000bb7a90:   0000000000000000 0000000000000000
0x0000700000bb7aa0:   0000000000000000 0000700000bb7c90
0x0000700000bb7ab0:   0000000106d91e7a 00007f94db69a370
0x0000700000bb7ac0:   0000700000bb7b08 0000000106d9d598
0x0000700000bb7ad0:   0000700000bb7ae0 0000000106d6f2ec
0x0000700000bb7ae0:   0000700000bb7d00 0000000106d78898
0x0000700000bb7af0:   000b759f00000013 00000000000f0200
0x0000700000bb7b00:   00007f94db609830 00007f94db6c8fea
0x0000700000bb7b10:   00007f940000009e 00007f94db56e120
0x0000700000bb7b20:   00007f940000012c 0000700000bb7b58
0x0000700000bb7b30:   00007f94db56e120 0000000000000000
0x0000700000bb7b40:   000b759f0000001b 0000000000000080
0x0000700000bb7b50:   0000700000bb7b58 947f00000a000000
0x0000700000bb7b60:   08000000900043db 3e74696e696c633c
0x0000700000bb7b70:   0056292803000000 0008000000000000
0x0000700000bb7b80:   00e08d6cdb947f00 49747865740e0000
0x0000700000bb7b90:   247375746174536e 734c284f00000031
0x0000700000bb7ba0:   6c6f632f616c6163 2f6e6f697463656c
0x0000700000bb7bb0:   6c626174756d6d69 4c3b7473694c2f65
0x0000700000bb7bc0:   6e616c2f6176616a 676e697274532f67 

Instructions: (pc=0x00000001061efc30)
0x00000001061efc10:   40 48 48 85 c0 75 e0 30 c0 0f b6 c0 5d c3 31 c0
0x00000001061efc20:   5d c3 55 48 89 e5 53 48 83 ec 08 48 85 ff 74 24
0x00000001061efc30:   48 8b 1f 48 85 db 74 1c 48 83 fb 37 74 16 48 8b
0x00000001061efc40:   03 48 89 df ff 50 10 84 c0 b8 00 00 00 00 48 0f 

Register to memory mapping:

RAX=0x0000000000000001 is an unknown value
RBX=0x0000700000bb7a8b is pointing into the stack for thread: 0x00007f94dc029000
RCX=0x00000001065b7190: UseMembar+0 in /Library/Java/JavaVirtualMachines/jdk1.8.0_51.jdk/Contents/Home/jre/lib/server/libjvm.dylib at 0x0000000105dbd000
RDX=0x0000700000bb7a8b is pointing into the stack for thread: 0x00007f94dc029000
RSP=0x0000700000bb79d0 is pointing into the stack for thread: 0x00007f94dc029000
RBP=0x0000700000bb79e0 is pointing into the stack for thread: 0x00007f94dc029000
RSI=0x00007f94dc029000 is a thread
RDI=0x000000000000004e is an unknown value
R8 =0x0000000000000000 is an unknown value
R9 =0x00007f94db5fb5f0 is an unknown value
R10=0x000000008898c55b is an unknown value
R11=0x00007f94db500000 is an unknown value
R12=0x00007f94dc029000 is a thread
R13=0x000000000000004e is an unknown value
R14=0x000000000000004e is an unknown value
R15=0x00007f94db515bc0 is an unknown value


Stack: [0x0000700000ab8000,0x0000700000bb8000],  sp=0x0000700000bb79d0,  free space=1022k
Native frames: (J=compiled Java code, j=interpreted, Vv=VM code, C=native code)
V  [libjvm.dylib+0x432c30]
V  [libjvm.dylib+0x342f8e]
C  [libjdwp.dylib+0x20780]  isMethodSynthetic+0x63
C  [libjdwp.dylib+0x51f3]  methods1+0x10b
C  [libjdwp.dylib+0x52ec]  methodsWithGeneric+0xe
C  [libjdwp.dylib+0xe898]  debugLoop_run+0x1ce
C  [libjdwp.dylib+0x1f6ba]  attachThread+0x4d
V  [libjvm.dylib+0x383f3c]
V  [libjvm.dylib+0x549a6f]
V  [libjvm.dylib+0x54b160]
V  [libjvm.dylib+0x46e99e]
C  [libsystem_pthread.dylib+0x39b1]  _pthread_body+0x83
C  [libsystem_pthread.dylib+0x392e]  _pthread_body+0x0
C  [libsystem_pthread.dylib+0x1385]  thread_start+0xd
C  0x0000000000000000


---------------  P R O C E S S  ---------------

Java Threads: ( => current thread )
  0x00007f94db907000 JavaThread "DestroyJavaVM" [_thread_blocked, id=4099, stack(0x0000700000084000,0x0000700000184000)]
  0x00007f94dc321800 JavaThread "Twitter4J Async Dispatcher[0]" daemon [_thread_blocked, id=24843, stack(0x00007000017df000,0x00007000018df000)]
  0x00007f94dd164800 JavaThread "presidents-akka.actor.default-dispatcher-4" [_thread_blocked, id=22531, stack(0x00007000015d9000,0x00007000016d9000)]
  0x00007f94dc2ae800 JavaThread "presidents-scheduler-1" [_thread_blocked, id=20995, stack(0x00007000012d0000,0x00007000013d0000)]
  0x00007f94db83b000 JavaThread "Service Thread" daemon [_thread_blocked, id=19971, stack(0x00007000010ca000,0x00007000011ca000)]
  0x00007f94dc078800 JavaThread "C1 CompilerThread2" daemon [_thread_blocked, id=19459, stack(0x0000700000fc7000,0x00007000010c7000)]
  0x00007f94dc83c000 JavaThread "C2 CompilerThread1" daemon [_thread_blocked, id=18947, stack(0x0000700000ec4000,0x0000700000fc4000)]
  0x00007f94dc035800 JavaThread "C2 CompilerThread0" daemon [_thread_blocked, id=18435, stack(0x0000700000dc1000,0x0000700000ec1000)]
  0x00007f94dc034800 JavaThread "JDWP Command Reader" daemon [_thread_in_native, id=17923, stack(0x0000700000cbe000,0x0000700000dbe000)]
  0x00007f94dc029800 JavaThread "JDWP Event Helper Thread" daemon [_thread_blocked, id=17411, stack(0x0000700000bbb000,0x0000700000cbb000)]
=>0x00007f94dc029000 JavaThread "JDWP Transport Listener: dt_socket" daemon [_thread_in_vm, id=16899, stack(0x0000700000ab8000,0x0000700000bb8000)]
  0x00007f94dc806000 JavaThread "Signal Dispatcher" daemon [_thread_blocked, id=13839, stack(0x00007000009b5000,0x0000700000ab5000)]
  0x00007f94dc800800 JavaThread "Finalizer" daemon [_thread_blocked, id=11779, stack(0x000070000082f000,0x000070000092f000)]
  0x00007f94dc804800 JavaThread "Reference Handler" daemon [_thread_blocked, id=11267, stack(0x000070000072c000,0x000070000082c000)]

Other Threads:
  0x00007f94dc028800 VMThread [stack: 0x0000700000629000,0x0000700000729000] [id=10755]
  0x00007f94db80d000 WatcherThread [stack: 0x00007000011cd000,0x00007000012cd000] [id=20483]

VM state:not at safepoint (normal execution)

VM Mutex/Monitor currently owned by a thread: None

Heap:
 PSYoungGen      total 38400K, used 31928K [0x0000000795580000, 0x0000000798000000, 0x00000007c0000000)
  eden space 33280K, 80% used [0x0000000795580000,0x0000000796fb1bd0,0x0000000797600000)
  from space 5120K, 99% used [0x0000000797b00000,0x0000000797ffc630,0x0000000798000000)
  to   space 5120K, 0% used [0x0000000797600000,0x0000000797600000,0x0000000797b00000)
 ParOldGen       total 87552K, used 9129K [0x0000000740000000, 0x0000000745580000, 0x0000000795580000)
  object space 87552K, 10% used [0x0000000740000000,0x00000007408ea650,0x0000000745580000)
 Metaspace       used 20104K, capacity 20274K, committed 20480K, reserved 1067008K
  class space    used 2673K, capacity 2761K, committed 2816K, reserved 1048576K

Card table byte_map: [0x00000001169c0000,0x0000000116dc1000] byte_map_base: 0x0000000112fc0000

Marking Bits: (ParMarkBitMap*) 0x000000010667f7a0
 Begin Bits: [0x000000011706c000, 0x000000011906c000)
 End Bits:   [0x000000011906c000, 0x000000011b06c000)

Polling page: 0x0000000106d69000

CodeCache: size=245760Kb used=7444Kb max_used=7469Kb free=238315Kb
 bounds [0x0000000107600000, 0x0000000107d60000, 0x0000000116600000]
 total_blobs=2248 nmethods=1851 adapters=318
 compilation: enabled

Compilation events (10 events):
Event: 60.648 Thread 0x00007f94dc83c000 2062       4       akka.actor.LightArrayRevolverScheduler$$anon$8::checkQueue (174 bytes)
Event: 60.652 Thread 0x00007f94dc83c000 nmethod 2062 0x0000000107d0d790 code [0x0000000107d0d900, 0x0000000107d0dad8]
Event: 70.899 Thread 0x00007f94dc035800 2063   !   4       akka.actor.LightArrayRevolverScheduler::waitNanos (50 bytes)
Event: 70.900 Thread 0x00007f94dc035800 nmethod 2063 0x0000000107d008d0 code [0x0000000107d00a40, 0x0000000107d00b58]
Event: 308.429 Thread 0x00007f94dc078800 2064 %     3       akka.actor.LightArrayRevolverScheduler$$anon$8::nextTick @ 0 (193 bytes)
Event: 308.436 Thread 0x00007f94dc078800 nmethod 2064% 0x0000000107d09410 code [0x0000000107d09780, 0x0000000107d0b368]
Event: 313.549 Thread 0x00007f94dc078800 2065       3       akka.actor.LightArrayRevolverScheduler$$anon$8::nextTick (193 bytes)
Event: 313.550 Thread 0x00007f94dc078800 nmethod 2065 0x0000000107d37bd0 code [0x0000000107d37f40, 0x0000000107d39a88]
Event: 513.290 Thread 0x00007f94dc035800 2066 %     4       akka.actor.LightArrayRevolverScheduler$$anon$8::nextTick @ 0 (193 bytes)
Event: 513.311 Thread 0x00007f94dc035800 nmethod 2066% 0x0000000107d337d0 code [0x0000000107d33a20, 0x0000000107d34760]

GC Heap History (8 events):
Event: 5.873 GC heap before
{Heap before GC invocations=1 (full 0):
 PSYoungGen      total 38400K, used 33280K [0x0000000795580000, 0x0000000798000000, 0x00000007c0000000)
  eden space 33280K, 100% used [0x0000000795580000,0x0000000797600000,0x0000000797600000)
  from space 5120K, 0% used [0x0000000797b00000,0x0000000797b00000,0x0000000798000000)
  to   space 5120K, 0% used [0x0000000797600000,0x0000000797600000,0x0000000797b00000)
 ParOldGen       total 87552K, used 0K [0x0000000740000000, 0x0000000745580000, 0x0000000795580000)
  object space 87552K, 0% used [0x0000000740000000,0x0000000740000000,0x0000000745580000)
 Metaspace       used 8776K, capacity 9012K, committed 9216K, reserved 1056768K
  class space    used 1247K, capacity 1264K, committed 1280K, reserved 1048576K
Event: 5.882 GC heap after
Heap after GC invocations=1 (full 0):
 PSYoungGen      total 38400K, used 5108K [0x0000000795580000, 0x0000000798000000, 0x00000007c0000000)
  eden space 33280K, 0% used [0x0000000795580000,0x0000000795580000,0x0000000797600000)
  from space 5120K, 99% used [0x0000000797600000,0x0000000797afd3b0,0x0000000797b00000)
  to   space 5120K, 0% used [0x0000000797b00000,0x0000000797b00000,0x0000000798000000)
 ParOldGen       total 87552K, used 365K [0x0000000740000000, 0x0000000745580000, 0x0000000795580000)
  object space 87552K, 0% used [0x0000000740000000,0x000000074005b7d0,0x0000000745580000)
 Metaspace       used 8776K, capacity 9012K, committed 9216K, reserved 1056768K
  class space    used 1247K, capacity 1264K, committed 1280K, reserved 1048576K
}
Event: 6.865 GC heap before
{Heap before GC invocations=2 (full 0):
 PSYoungGen      total 38400K, used 38388K [0x0000000795580000, 0x0000000798000000, 0x00000007c0000000)
  eden space 33280K, 100% used [0x0000000795580000,0x0000000797600000,0x0000000797600000)
  from space 5120K, 99% used [0x0000000797600000,0x0000000797afd3b0,0x0000000797b00000)
  to   space 5120K, 0% used [0x0000000797b00000,0x0000000797b00000,0x0000000798000000)
 ParOldGen       total 87552K, used 365K [0x0000000740000000, 0x0000000745580000, 0x0000000795580000)
  object space 87552K, 0% used [0x0000000740000000,0x000000074005b7d0,0x0000000745580000)
 Metaspace       used 15687K, capacity 15892K, committed 16128K, reserved 1062912K
  class space    used 2170K, capacity 2244K, committed 2304K, reserved 1048576K
Event: 6.876 GC heap after
Heap after GC invocations=2 (full 0):
 PSYoungGen      total 38400K, used 5104K [0x0000000795580000, 0x0000000798000000, 0x00000007c0000000)
  eden space 33280K, 0% used [0x0000000795580000,0x0000000795580000,0x0000000797600000)
  from space 5120K, 99% used [0x0000000797b00000,0x0000000797ffc0c0,0x0000000798000000)
  to   space 5120K, 0% used [0x0000000797600000,0x0000000797600000,0x0000000797b00000)
 ParOldGen       total 87552K, used 2650K [0x0000000740000000, 0x0000000745580000, 0x0000000795580000)
  object space 87552K, 3% used [0x0000000740000000,0x0000000740296a50,0x0000000745580000)
 Metaspace       used 15687K, capacity 15892K, committed 16128K, reserved 1062912K
  class space    used 2170K, capacity 2244K, committed 2304K, reserved 1048576K
}
Event: 19.668 GC heap before
{Heap before GC invocations=3 (full 0):
 PSYoungGen      total 38400K, used 38384K [0x0000000795580000, 0x0000000798000000, 0x00000007c0000000)
  eden space 33280K, 100% used [0x0000000795580000,0x0000000797600000,0x0000000797600000)
  from space 5120K, 99% used [0x0000000797b00000,0x0000000797ffc0c0,0x0000000798000000)
  to   space 5120K, 0% used [0x0000000797600000,0x0000000797600000,0x0000000797b00000)
 ParOldGen       total 87552K, used 2650K [0x0000000740000000, 0x0000000745580000, 0x0000000795580000)
  object space 87552K, 3% used [0x0000000740000000,0x0000000740296a50,0x0000000745580000)
 Metaspace       used 18561K, capacity 18828K, committed 19072K, reserved 1064960K
  class space    used 2488K, capacity 2600K, committed 2688K, reserved 1048576K
Event: 19.678 GC heap after
Heap after GC invocations=3 (full 0):
 PSYoungGen      total 38400K, used 5108K [0x0000000795580000, 0x0000000798000000, 0x00000007c0000000)
  eden space 33280K, 0% used [0x0000000795580000,0x0000000795580000,0x0000000797600000)
  from space 5120K, 99% used [0x0000000797600000,0x0000000797afd198,0x0000000797b00000)
  to   space 5120K, 0% used [0x0000000797b00000,0x0000000797b00000,0x0000000798000000)
 ParOldGen       total 87552K, used 7146K [0x0000000740000000, 0x0000000745580000, 0x0000000795580000)
  object space 87552K, 8% used [0x0000000740000000,0x00000007406fa830,0x0000000745580000)
 Metaspace       used 18561K, capacity 18828K, committed 19072K, reserved 1064960K
  class space    used 2488K, capacity 2600K, committed 2688K, reserved 1048576K
}
Event: 33.102 GC heap before
{Heap before GC invocations=4 (full 0):
 PSYoungGen      total 38400K, used 38388K [0x0000000795580000, 0x0000000798000000, 0x00000007c0000000)
  eden space 33280K, 100% used [0x0000000795580000,0x0000000797600000,0x0000000797600000)
  from space 5120K, 99% used [0x0000000797600000,0x0000000797afd198,0x0000000797b00000)
  to   space 5120K, 0% used [0x0000000797b00000,0x0000000797b00000,0x0000000798000000)
 ParOldGen       total 87552K, used 7146K [0x0000000740000000, 0x0000000745580000, 0x0000000795580000)
  object space 87552K, 8% used [0x0000000740000000,0x00000007406fa830,0x0000000745580000)
 Metaspace       used 19951K, capacity 20114K, committed 20480K, reserved 1067008K
  class space    used 2663K, capacity 2729K, committed 2816K, reserved 1048576K
Event: 33.148 GC heap after
Heap after GC invocations=4 (full 0):
 PSYoungGen      total 38400K, used 5105K [0x0000000795580000, 0x0000000798000000, 0x00000007c0000000)
  eden space 33280K, 0% used [0x0000000795580000,0x0000000795580000,0x0000000797600000)
  from space 5120K, 99% used [0x0000000797b00000,0x0000000797ffc630,0x0000000798000000)
  to   space 5120K, 0% used [0x0000000797600000,0x0000000797600000,0x0000000797b00000)
 ParOldGen       total 87552K, used 9129K [0x0000000740000000, 0x0000000745580000, 0x0000000795580000)
  object space 87552K, 10% used [0x0000000740000000,0x00000007408ea650,0x0000000745580000)
 Metaspace       used 19951K, capacity 20114K, committed 20480K, reserved 1067008K
  class space    used 2663K, capacity 2729K, committed 2816K, reserved 1048576K
}

Deoptimization events (10 events):
Event: 6.962 Thread 0x00007f94db907000 Uncommon trap: reason=unstable_if action=reinterpret pc=0x00000001079546f4 method=java.lang.CharacterDataLatin1.digit(II)I @ 82
Event: 9.927 Thread 0x00007f94dc321800 Uncommon trap: reason=unstable_if action=reinterpret pc=0x0000000107ae5410 method=sun.nio.cs.UTF_8$Decoder.decodeArrayLoop(Ljava/nio/ByteBuffer;Ljava/nio/CharBuffer;)Ljava/nio/charset/CoderResult; @ 84
Event: 9.939 Thread 0x00007f94dc321800 Uncommon trap: reason=unstable_if action=reinterpret pc=0x0000000107abfc00 method=sun.nio.cs.UTF_8$Decoder.decodeArrayLoop(Ljava/nio/ByteBuffer;Ljava/nio/CharBuffer;)Ljava/nio/charset/CoderResult; @ 84
Event: 9.975 Thread 0x00007f94dc321800 Uncommon trap: reason=unstable_if action=reinterpret pc=0x0000000107ab979c method=java.util.concurrent.ConcurrentHashMap.putVal(Ljava/lang/Object;Ljava/lang/Object;Z)Ljava/lang/Object; @ 195
Event: 22.218 Thread 0x00007f94dc321800 Uncommon trap: reason=unstable_if action=reinterpret pc=0x00000001078befb8 method=java.util.concurrent.ConcurrentHashMap.putVal(Ljava/lang/Object;Ljava/lang/Object;Z)Ljava/lang/Object; @ 206
Event: 22.356 Thread 0x00007f94dc321800 Uncommon trap: reason=unstable_if action=reinterpret pc=0x00000001077d7490 method=java.lang.ThreadLocal$ThreadLocalMap.getEntry(Ljava/lang/ThreadLocal;)Ljava/lang/ThreadLocal$ThreadLocalMap$Entry; @ 29
Event: 22.356 Thread 0x00007f94dc321800 Uncommon trap: reason=unstable_if action=reinterpret pc=0x0000000107727a34 method=java.lang.ThreadLocal$ThreadLocalMap.getEntry(Ljava/lang/ThreadLocal;)Ljava/lang/ThreadLocal$ThreadLocalMap$Entry; @ 29
Event: 26.423 Thread 0x00007f94db907000 Uncommon trap: reason=unstable_if action=reinterpret pc=0x0000000107c0f09c method=java.util.zip.Inflater.ensureOpen()V @ 33
Event: 26.425 Thread 0x00007f94dd001800 Uncommon trap: reason=unstable_if action=reinterpret pc=0x0000000107c59a04 method=com.sun.crypto.provider.GaloisCounterMode.decryptFinal([BII[BI)I @ 5
Event: 31.720 Thread 0x00007f94dc321800 Uncommon trap: reason=unstable_if action=reinterpret pc=0x0000000107b0c854 method=twitter4j.JSONObject.stringToValue(Ljava/lang/String;)Ljava/lang/Object; @ 142

Internal exceptions (10 events):
Event: 6.334 Thread 0x00007f94dd001800 Exception <a 'java/io/FileNotFoundException'> (0x00000007967de550) thrown at [/Users/java_re/workspace/8-2-build-macosx-x86_64/jdk8u51/3951/hotspot/src/share/vm/prims/jni.cpp, line 709]
Event: 6.351 Thread 0x00007f94dd001800 Exception <a 'java/lang/NoClassDefFoundError': org/apache/log4j/Priority> (0x00000007968a75b0) thrown at [/Users/java_re/workspace/8-2-build-macosx-x86_64/jdk8u51/3951/hotspot/src/share/vm/classfile/systemDictionary.cpp, line 199]
Event: 6.577 Thread 0x00007f94db907000 Exception <a 'java/lang/NoSuchFieldError': method resolution failed> (0x0000000796d668e8) thrown at [/Users/java_re/workspace/8-2-build-macosx-x86_64/jdk8u51/3951/hotspot/src/share/vm/prims/methodHandles.cpp, line 1125]
Event: 6.580 Thread 0x00007f94db907000 Exception <a 'java/lang/NoSuchFieldError': method resolution failed> (0x0000000796d75218) thrown at [/Users/java_re/workspace/8-2-build-macosx-x86_64/jdk8u51/3951/hotspot/src/share/vm/prims/methodHandles.cpp, line 1125]
Event: 21.476 Thread 0x00007f94dc321800 Exception <a 'java/lang/ArrayIndexOutOfBoundsException'> (0x0000000795ba6730) thrown at [/Users/java_re/workspace/8-2-build-macosx-x86_64/jdk8u51/3951/hotspot/src/share/vm/runtime/sharedRuntime.cpp, line 605]
Event: 21.476 Thread 0x00007f94dc321800 Exception <a 'java/lang/ArrayIndexOutOfBoundsException'> (0x0000000795ba7828) thrown at [/Users/java_re/workspace/8-2-build-macosx-x86_64/jdk8u51/3951/hotspot/src/share/vm/runtime/sharedRuntime.cpp, line 605]
Event: 21.480 Thread 0x00007f94dc321800 Exception <a 'java/lang/ArrayIndexOutOfBoundsException'> (0x0000000795bb2980) thrown at [/Users/java_re/workspace/8-2-build-macosx-x86_64/jdk8u51/3951/hotspot/src/share/vm/runtime/sharedRuntime.cpp, line 605]
Event: 21.480 Thread 0x00007f94dc321800 Exception <a 'java/lang/ArrayIndexOutOfBoundsException'> (0x0000000795bb3c88) thrown at [/Users/java_re/workspace/8-2-build-macosx-x86_64/jdk8u51/3951/hotspot/src/share/vm/runtime/sharedRuntime.cpp, line 605]
Event: 21.480 Thread 0x00007f94dc321800 Exception <a 'java/lang/ArrayIndexOutOfBoundsException'> (0x0000000795bb4e20) thrown at [/Users/java_re/workspace/8-2-build-macosx-x86_64/jdk8u51/3951/hotspot/src/share/vm/runtime/sharedRuntime.cpp, line 605]
Event: 21.480 Thread 0x00007f94dc321800 Exception <a 'java/lang/ArrayIndexOutOfBoundsException'> (0x0000000795bb5fd8) thrown at [/Users/java_re/workspace/8-2-build-macosx-x86_64/jdk8u51/3951/hotspot/src/share/vm/runtime/sharedRuntime.cpp, line 605]

Events (10 events):
Event: 33.148 Executing VM operation: ParallelGCFailedAllocation done
Event: 42.568 Executing VM operation: RedefineClasses
Event: 43.436 Executing VM operation: RedefineClasses done
Event: 48.315 Executing VM operation: RevokeBias
Event: 48.315 Executing VM operation: RevokeBias done
Event: 48.315 Thread 0x00007f94dc062800 Thread exited: 0x00007f94dc062800
Event: 554.258 Thread 0x00007f94dc2ae800 DEOPT PACKING pc=0x0000000107d0af6d sp=0x00007000013cf730
Event: 554.258 Thread 0x00007f94dc2ae800 DEOPT UNPACKING pc=0x0000000107647633 sp=0x00007000013cf548 mode 0
Event: 900.224 Executing VM operation: RedefineClasses
Event: 901.022 Executing VM operation: RedefineClasses done


Dynamic libraries:
0x00000000073fd000 	/System/Library/Frameworks/Cocoa.framework/Versions/A/Cocoa
0x00000000073fd000 	/System/Library/Frameworks/Security.framework/Versions/A/Security
0x00000000073fd000 	/System/Library/Frameworks/ApplicationServices.framework/Versions/A/ApplicationServices
0x00000000073fd000 	/usr/lib/libz.1.dylib
0x00000000073fd000 	/usr/lib/libSystem.B.dylib
0x00000000073fd000 	/usr/lib/libobjc.A.dylib
0x00000000073fd000 	/System/Library/Frameworks/CoreFoundation.framework/Versions/A/CoreFoundation
0x00000000073fd000 	/System/Library/Frameworks/Foundation.framework/Versions/C/Foundation
0x00000000073fd000 	/System/Library/Frameworks/AppKit.framework/Versions/C/AppKit
0x00000000073fd000 	/System/Library/Frameworks/CoreData.framework/Versions/A/CoreData
0x00000000073fd000 	/System/Library/PrivateFrameworks/RemoteViewServices.framework/Versions/A/RemoteViewServices
0x00000000073fd000 	/System/Library/PrivateFrameworks/UIFoundation.framework/Versions/A/UIFoundation
0x00000000073fd000 	/usr/lib/libScreenReader.dylib
0x00000000073fd000 	/System/Library/Frameworks/Accelerate.framework/Versions/A/Accelerate
0x00000000073fd000 	/System/Library/Frameworks/IOSurface.framework/Versions/A/IOSurface
0x00000000073fd000 	/System/Library/Frameworks/AudioToolbox.framework/Versions/A/AudioToolbox
0x00000000073fd000 	/System/Library/Frameworks/AudioUnit.framework/Versions/A/AudioUnit
0x00000000073fd000 	/System/Library/PrivateFrameworks/DataDetectorsCore.framework/Versions/A/DataDetectorsCore
0x00000000073fd000 	/System/Library/PrivateFrameworks/DesktopServicesPriv.framework/Versions/A/DesktopServicesPriv
0x00000000073fd000 	/System/Library/Frameworks/Carbon.framework/Versions/A/Frameworks/HIToolbox.framework/Versions/A/HIToolbox
0x00000000073fd000 	/System/Library/Frameworks/QuartzCore.framework/Versions/A/QuartzCore
0x00000000073fd000 	/System/Library/Frameworks/Carbon.framework/Versions/A/Frameworks/SpeechRecognition.framework/Versions/A/SpeechRecognition
0x00000000073fd000 	/usr/lib/libauto.dylib
0x00000000073fd000 	/usr/lib/libicucore.A.dylib
0x00000000073fd000 	/usr/lib/libxml2.2.dylib
0x00000000073fd000 	/System/Library/PrivateFrameworks/CoreUI.framework/Versions/A/CoreUI
0x00000000073fd000 	/System/Library/Frameworks/CoreAudio.framework/Versions/A/CoreAudio
0x00000000073fd000 	/System/Library/Frameworks/DiskArbitration.framework/Versions/A/DiskArbitration
0x00000000073fd000 	/usr/lib/liblangid.dylib
0x00000000073fd000 	/System/Library/PrivateFrameworks/MultitouchSupport.framework/Versions/A/MultitouchSupport
0x00000000073fd000 	/System/Library/Frameworks/IOKit.framework/Versions/A/IOKit
0x00000000073fd000 	/usr/lib/libDiagnosticMessagesClient.dylib
0x00000000073fd000 	/System/Library/Frameworks/CoreServices.framework/Versions/A/CoreServices
0x00000000073fd000 	/System/Library/PrivateFrameworks/PerformanceAnalysis.framework/Versions/A/PerformanceAnalysis
0x00000000073fd000 	/System/Library/PrivateFrameworks/GenerationalStorage.framework/Versions/A/GenerationalStorage
0x00000000073fd000 	/System/Library/Frameworks/OpenGL.framework/Versions/A/OpenGL
0x00000000073fd000 	/System/Library/PrivateFrameworks/Sharing.framework/Versions/A/Sharing
0x00000000073fd000 	/System/Library/Frameworks/CoreGraphics.framework/Versions/A/CoreGraphics
0x00000000073fd000 	/System/Library/Frameworks/CoreImage.framework/Versions/A/CoreImage
0x00000000073fd000 	/System/Library/Frameworks/CoreText.framework/Versions/A/CoreText
0x00000000073fd000 	/System/Library/Frameworks/ImageIO.framework/Versions/A/ImageIO
0x00000000073fd000 	/System/Library/PrivateFrameworks/Backup.framework/Versions/A/Backup
0x00000000073fd000 	/usr/lib/libextension.dylib
0x00000000073fd000 	/usr/lib/libarchive.2.dylib
0x00000000073fd000 	/System/Library/Frameworks/CFNetwork.framework/Versions/A/CFNetwork
0x00000000073fd000 	/System/Library/Frameworks/SystemConfiguration.framework/Versions/A/SystemConfiguration
0x00000000073fd000 	/usr/lib/libCRFSuite.dylib
0x00000000073fd000 	/usr/lib/libc++.1.dylib
0x00000000073fd000 	/usr/lib/libc++abi.dylib
0x00000000073fd000 	/usr/lib/system/libcache.dylib
0x00000000073fd000 	/usr/lib/system/libcommonCrypto.dylib
0x00000000073fd000 	/usr/lib/system/libcompiler_rt.dylib
0x00000000073fd000 	/usr/lib/system/libcopyfile.dylib
0x00000000073fd000 	/usr/lib/system/libcorecrypto.dylib
0x00000000073fd000 	/usr/lib/system/libdispatch.dylib
0x00000000073fd000 	/usr/lib/system/libdyld.dylib
0x00000000073fd000 	/usr/lib/system/libkeymgr.dylib
0x00000000073fd000 	/usr/lib/system/liblaunch.dylib
0x00000000073fd000 	/usr/lib/system/libmacho.dylib
0x00000000073fd000 	/usr/lib/system/libquarantine.dylib
0x00000000073fd000 	/usr/lib/system/libremovefile.dylib
0x00000000073fd000 	/usr/lib/system/libsystem_asl.dylib
0x00000000073fd000 	/usr/lib/system/libsystem_blocks.dylib
0x00000000073fd000 	/usr/lib/system/libsystem_c.dylib
0x00000000073fd000 	/usr/lib/system/libsystem_configuration.dylib
0x00000000073fd000 	/usr/lib/system/libsystem_coreservices.dylib
0x00000000073fd000 	/usr/lib/system/libsystem_coretls.dylib
0x00000000073fd000 	/usr/lib/system/libsystem_dnssd.dylib
0x00000000073fd000 	/usr/lib/system/libsystem_info.dylib
0x00000000073fd000 	/usr/lib/system/libsystem_kernel.dylib
0x00000000073fd000 	/usr/lib/system/libsystem_m.dylib
0x00000000073fd000 	/usr/lib/system/libsystem_malloc.dylib
0x00000000073fd000 	/usr/lib/system/libsystem_network.dylib
0x00000000073fd000 	/usr/lib/system/libsystem_networkextension.dylib
0x00000000073fd000 	/usr/lib/system/libsystem_notify.dylib
0x00000000073fd000 	/usr/lib/system/libsystem_platform.dylib
0x00000000073fd000 	/usr/lib/system/libsystem_pthread.dylib
0x00000000073fd000 	/usr/lib/system/libsystem_sandbox.dylib
0x00000000073fd000 	/usr/lib/system/libsystem_secinit.dylib
0x00000000073fd000 	/usr/lib/system/libsystem_trace.dylib
0x00000000073fd000 	/usr/lib/system/libunc.dylib
0x00000000073fd000 	/usr/lib/system/libunwind.dylib
0x00000000073fd000 	/usr/lib/system/libxpc.dylib
0x00000000073fd000 	/usr/lib/libenergytrace.dylib
0x00000000073fd000 	/usr/lib/libbsm.0.dylib
0x00000000073fd000 	/usr/lib/system/libkxld.dylib
0x00000000073fd000 	/usr/lib/libxar.1.dylib
0x00000000073fd000 	/usr/lib/libsqlite3.dylib
0x00000000073fd000 	/usr/lib/libpam.2.dylib
0x00000000073fd000 	/usr/lib/libOpenScriptingUtil.dylib
0x00000000073fd000 	/usr/lib/libbz2.1.0.dylib
0x00000000073fd000 	/usr/lib/liblzma.5.dylib
0x00000000073fd000 	/System/Library/Frameworks/CoreServices.framework/Versions/A/Frameworks/FSEvents.framework/Versions/A/FSEvents
0x00000000073fd000 	/System/Library/Frameworks/CoreServices.framework/Versions/A/Frameworks/CarbonCore.framework/Versions/A/CarbonCore
0x00000000073fd000 	/System/Library/Frameworks/CoreServices.framework/Versions/A/Frameworks/Metadata.framework/Versions/A/Metadata
0x00000000073fd000 	/System/Library/Frameworks/CoreServices.framework/Versions/A/Frameworks/OSServices.framework/Versions/A/OSServices
0x00000000073fd000 	/System/Library/Frameworks/CoreServices.framework/Versions/A/Frameworks/SearchKit.framework/Versions/A/SearchKit
0x00000000073fd000 	/System/Library/Frameworks/CoreServices.framework/Versions/A/Frameworks/AE.framework/Versions/A/AE
0x00000000073fd000 	/System/Library/Frameworks/CoreServices.framework/Versions/A/Frameworks/LaunchServices.framework/Versions/A/LaunchServices
0x00000000073fd000 	/System/Library/Frameworks/CoreServices.framework/Versions/A/Frameworks/DictionaryServices.framework/Versions/A/DictionaryServices
0x00000000073fd000 	/System/Library/Frameworks/CoreServices.framework/Versions/A/Frameworks/SharedFileList.framework/Versions/A/SharedFileList
0x00000000073fd000 	/System/Library/Frameworks/NetFS.framework/Versions/A/NetFS
0x00000000073fd000 	/System/Library/PrivateFrameworks/NetAuth.framework/Versions/A/NetAuth
0x00000000073fd000 	/System/Library/PrivateFrameworks/login.framework/Versions/A/Frameworks/loginsupport.framework/Versions/A/loginsupport
0x00000000073fd000 	/System/Library/PrivateFrameworks/TCC.framework/Versions/A/TCC
0x00000000073fd000 	/usr/lib/libmecabra.dylib
0x00000000073fd000 	/System/Library/Frameworks/ApplicationServices.framework/Versions/A/Frameworks/ATS.framework/Versions/A/ATS
0x00000000073fd000 	/System/Library/Frameworks/ApplicationServices.framework/Versions/A/Frameworks/ColorSync.framework/Versions/A/ColorSync
0x00000000073fd000 	/System/Library/Frameworks/ApplicationServices.framework/Versions/A/Frameworks/HIServices.framework/Versions/A/HIServices
0x00000000073fd000 	/System/Library/Frameworks/ApplicationServices.framework/Versions/A/Frameworks/LangAnalysis.framework/Versions/A/LangAnalysis
0x00000000073fd000 	/System/Library/Frameworks/ApplicationServices.framework/Versions/A/Frameworks/PrintCore.framework/Versions/A/PrintCore
0x00000000073fd000 	/System/Library/Frameworks/ApplicationServices.framework/Versions/A/Frameworks/QD.framework/Versions/A/QD
0x00000000073fd000 	/System/Library/Frameworks/ApplicationServices.framework/Versions/A/Frameworks/SpeechSynthesis.framework/Versions/A/SpeechSynthesis
0x00000000073fd000 	/System/Library/Frameworks/Metal.framework/Versions/A/Metal
0x00000000073fd000 	/System/Library/Frameworks/Accelerate.framework/Versions/A/Frameworks/vImage.framework/Versions/A/vImage
0x00000000073fd000 	/System/Library/Frameworks/Accelerate.framework/Versions/A/Frameworks/vecLib.framework/Versions/A/vecLib
0x00000000073fd000 	/System/Library/Frameworks/Accelerate.framework/Versions/A/Frameworks/vecLib.framework/Versions/A/libvDSP.dylib
0x00000000073fd000 	/System/Library/Frameworks/Accelerate.framework/Versions/A/Frameworks/vecLib.framework/Versions/A/libvMisc.dylib
0x00000000073fd000 	/System/Library/Frameworks/Accelerate.framework/Versions/A/Frameworks/vecLib.framework/Versions/A/libLAPACK.dylib
0x00000000073fd000 	/System/Library/Frameworks/Accelerate.framework/Versions/A/Frameworks/vecLib.framework/Versions/A/libBLAS.dylib
0x00000000073fd000 	/System/Library/Frameworks/Accelerate.framework/Versions/A/Frameworks/vecLib.framework/Versions/A/libLinearAlgebra.dylib
0x00000000073fd000 	/System/Library/Frameworks/Accelerate.framework/Versions/A/Frameworks/vecLib.framework/Versions/A/libSparseBLAS.dylib
0x00000000073fd000 	/System/Library/PrivateFrameworks/GPUCompiler.framework/libmetal_timestamp.dylib
0x00000000073fd000 	/System/Library/Frameworks/OpenGL.framework/Versions/A/Libraries/libCoreFSCache.dylib
0x00000000073fd000 	/System/Library/PrivateFrameworks/IOAccelerator.framework/Versions/A/IOAccelerator
0x00000000073fd000 	/System/Library/Frameworks/ApplicationServices.framework/Versions/A/Frameworks/ATS.framework/Versions/A/Resources/libFontParser.dylib
0x00000000073fd000 	/System/Library/Frameworks/ApplicationServices.framework/Versions/A/Frameworks/ATS.framework/Versions/A/Resources/libFontRegistry.dylib
0x00000000073fd000 	/System/Library/PrivateFrameworks/AppleVPA.framework/Versions/A/AppleVPA
0x00000000073fd000 	/System/Library/PrivateFrameworks/AppleJPEG.framework/Versions/A/AppleJPEG
0x00000000073fd000 	/System/Library/Frameworks/ImageIO.framework/Versions/A/Resources/libJPEG.dylib
0x00000000073fd000 	/System/Library/Frameworks/ImageIO.framework/Versions/A/Resources/libTIFF.dylib
0x00000000073fd000 	/System/Library/Frameworks/ImageIO.framework/Versions/A/Resources/libPng.dylib
0x00000000073fd000 	/System/Library/Frameworks/ImageIO.framework/Versions/A/Resources/libGIF.dylib
0x00000000073fd000 	/System/Library/Frameworks/ImageIO.framework/Versions/A/Resources/libJP2.dylib
0x00000000073fd000 	/System/Library/Frameworks/ImageIO.framework/Versions/A/Resources/libRadiance.dylib
0x00000000073fd000 	/System/Library/Frameworks/CoreVideo.framework/Versions/A/CoreVideo
0x00000000073fd000 	/System/Library/Frameworks/OpenGL.framework/Versions/A/Libraries/libGLU.dylib
0x00000000073fd000 	/System/Library/Frameworks/OpenGL.framework/Versions/A/Libraries/libGFXShared.dylib
0x00000000073fd000 	/System/Library/Frameworks/OpenGL.framework/Versions/A/Libraries/libGL.dylib
0x00000000073fd000 	/System/Library/Frameworks/OpenGL.framework/Versions/A/Libraries/libGLImage.dylib
0x00000000073fd000 	/System/Library/Frameworks/OpenGL.framework/Versions/A/Libraries/libCVMSPluginSupport.dylib
0x00000000073fd000 	/System/Library/Frameworks/OpenGL.framework/Versions/A/Libraries/libCoreVMClient.dylib
0x00000000073fd000 	/usr/lib/libcups.2.dylib
0x00000000073fd000 	/System/Library/Frameworks/Kerberos.framework/Versions/A/Kerberos
0x00000000073fd000 	/System/Library/Frameworks/GSS.framework/Versions/A/GSS
0x00000000073fd000 	/usr/lib/libresolv.9.dylib
0x00000000073fd000 	/usr/lib/libiconv.2.dylib
0x00000000073fd000 	/System/Library/PrivateFrameworks/Heimdal.framework/Versions/A/Heimdal
0x00000000073fd000 	/usr/lib/libheimdal-asn1.dylib
0x00000000073fd000 	/System/Library/Frameworks/OpenDirectory.framework/Versions/A/OpenDirectory
0x00000000073fd000 	/System/Library/PrivateFrameworks/CommonAuth.framework/Versions/A/CommonAuth
0x00000000073fd000 	/System/Library/Frameworks/OpenDirectory.framework/Versions/A/Frameworks/CFOpenDirectory.framework/Versions/A/CFOpenDirectory
0x00000000073fd000 	/System/Library/Frameworks/SecurityFoundation.framework/Versions/A/SecurityFoundation
0x00000000073fd000 	/System/Library/PrivateFrameworks/LanguageModeling.framework/Versions/A/LanguageModeling
0x00000000073fd000 	/usr/lib/libmarisa.dylib
0x00000000073fd000 	/usr/lib/libChineseTokenizer.dylib
0x00000000073fd000 	/usr/lib/libcmph.dylib
0x00000000073fd000 	/usr/lib/libcompression.dylib
0x00000000073fd000 	/System/Library/Frameworks/ServiceManagement.framework/Versions/A/ServiceManagement
0x00000000073fd000 	/usr/lib/libxslt.1.dylib
0x00000000073fd000 	/System/Library/Frameworks/Carbon.framework/Versions/A/Frameworks/Ink.framework/Versions/A/Ink
0x00000000073fd000 	/usr/lib/libFosl_dynamic.dylib
0x00000000073fd000 	/System/Library/PrivateFrameworks/FaceCore.framework/Versions/A/FaceCore
0x00000000073fd000 	/System/Library/Frameworks/OpenCL.framework/Versions/A/OpenCL
0x00000000073fd000 	/System/Library/PrivateFrameworks/CrashReporterSupport.framework/Versions/A/CrashReporterSupport
0x00000000073fd000 	/System/Library/PrivateFrameworks/IconServices.framework/Versions/A/IconServices
0x00000000073fd000 	/System/Library/PrivateFrameworks/Apple80211.framework/Versions/A/Apple80211
0x00000000073fd000 	/System/Library/Frameworks/CoreWLAN.framework/Versions/A/CoreWLAN
0x00000000073fd000 	/System/Library/Frameworks/IOBluetooth.framework/Versions/A/IOBluetooth
0x00000000073fd000 	/System/Library/PrivateFrameworks/CoreWiFi.framework/Versions/A/CoreWiFi
0x00000000073fd000 	/System/Library/Frameworks/CoreBluetooth.framework/Versions/A/CoreBluetooth
0x00000000073fd000 	/System/Library/PrivateFrameworks/ChunkingLibrary.framework/Versions/A/ChunkingLibrary
0x00000000073fd000 	/System/Library/PrivateFrameworks/DebugSymbols.framework/Versions/A/DebugSymbols
0x00000000073fd000 	/System/Library/PrivateFrameworks/CoreSymbolication.framework/Versions/A/CoreSymbolication
0x00000000073fd000 	/System/Library/PrivateFrameworks/Symbolication.framework/Versions/A/Symbolication
0x00000000073fd000 	/System/Library/PrivateFrameworks/SpeechRecognitionCore.framework/Versions/A/SpeechRecognitionCore
0x0000000105dbd000 	/Library/Java/JavaVirtualMachines/jdk1.8.0_51.jdk/Contents/Home/jre/lib/server/libjvm.dylib
0x00000000073fd000 	/usr/lib/libstdc++.6.dylib
0x0000000106d26000 	/Library/Java/JavaVirtualMachines/jdk1.8.0_51.jdk/Contents/Home/jre/lib/libverify.dylib
0x0000000106d34000 	/Library/Java/JavaVirtualMachines/jdk1.8.0_51.jdk/Contents/Home/jre/lib/libjava.dylib
0x0000000106d6a000 	/Library/Java/JavaVirtualMachines/jdk1.8.0_51.jdk/Contents/Home/jre/lib/libjdwp.dylib
0x0000000106db5000 	/Library/Java/JavaVirtualMachines/jdk1.8.0_51.jdk/Contents/Home/jre/lib/libnpt.dylib
0x0000000106dc6000 	/Library/Java/JavaVirtualMachines/jdk1.8.0_51.jdk/Contents/Home/jre/lib/libzip.dylib
0x000000011cf3b000 	/System/Library/Frameworks/JavaVM.framework/Frameworks/JavaRuntimeSupport.framework/JavaRuntimeSupport
0x000000011cf56000 	/System/Library/Frameworks/JavaVM.framework/Versions/A/Frameworks/JavaNativeFoundation.framework/Versions/A/JavaNativeFoundation
0x000000011cf6b000 	/System/Library/Frameworks/JavaVM.framework/Versions/A/JavaVM
0x00000000073fd000 	/System/Library/Frameworks/Carbon.framework/Versions/A/Carbon
0x000000011cf78000 	/System/Library/PrivateFrameworks/JavaLaunching.framework/Versions/A/JavaLaunching
0x00000000073fd000 	/System/Library/Frameworks/Carbon.framework/Versions/A/Frameworks/CommonPanels.framework/Versions/A/CommonPanels
0x00000000073fd000 	/System/Library/Frameworks/Carbon.framework/Versions/A/Frameworks/Help.framework/Versions/A/Help
0x00000000073fd000 	/System/Library/Frameworks/Carbon.framework/Versions/A/Frameworks/ImageCapture.framework/Versions/A/ImageCapture
0x00000000073fd000 	/System/Library/Frameworks/Carbon.framework/Versions/A/Frameworks/OpenScripting.framework/Versions/A/OpenScripting
0x00000000073fd000 	/System/Library/Frameworks/Carbon.framework/Versions/A/Frameworks/Print.framework/Versions/A/Print
0x00000000073fd000 	/System/Library/Frameworks/Carbon.framework/Versions/A/Frameworks/SecurityHI.framework/Versions/A/SecurityHI
0x000000011e895000 	/Library/Java/JavaVirtualMachines/jdk1.8.0_51.jdk/Contents/Home/jre/lib/libdt_socket.dylib
0x000000011edb8000 	/Library/Java/JavaVirtualMachines/jdk1.8.0_51.jdk/Contents/Home/jre/lib/libsunec.dylib
0x000000011ec95000 	/Library/Java/JavaVirtualMachines/jdk1.8.0_51.jdk/Contents/Home/jre/lib/libnet.dylib

VM Arguments:
jvm_args: -agentlib:jdwp=transport=dt_socket,address=127.0.0.1:54139,suspend=y,server=n -Dfile.encoding=UTF-8 
java_command: ScalaTwitterClientExample
java_class_path (initial): /Library/Java/JavaVirtualMachines/jdk1.8.0_51.jdk/Contents/Home/jre/lib/charsets.jar:/Library/Java/JavaVirtualMachines/jdk1.8.0_51.jdk/Contents/Home/jre/lib/deploy.jar:/Library/Java/JavaVirtualMachines/jdk1.8.0_51.jdk/Contents/Home/jre/lib/ext/cldrdata.jar:/Library/Java/JavaVirtualMachines/jdk1.8.0_51.jdk/Contents/Home/jre/lib/ext/dnsns.jar:/Library/Java/JavaVirtualMachines/jdk1.8.0_51.jdk/Contents/Home/jre/lib/ext/jfxrt.jar:/Library/Java/JavaVirtualMachines/jdk1.8.0_51.jdk/Contents/Home/jre/lib/ext/localedata.jar:/Library/Java/JavaVirtualMachines/jdk1.8.0_51.jdk/Contents/Home/jre/lib/ext/nashorn.jar:/Library/Java/JavaVirtualMachines/jdk1.8.0_51.jdk/Contents/Home/jre/lib/ext/sunec.jar:/Library/Java/JavaVirtualMachines/jdk1.8.0_51.jdk/Contents/Home/jre/lib/ext/sunjce_provider.jar:/Library/Java/JavaVirtualMachines/jdk1.8.0_51.jdk/Contents/Home/jre/lib/ext/sunpkcs11.jar:/Library/Java/JavaVirtualMachines/jdk1.8.0_51.jdk/Contents/Home/jre/lib/ext/zipfs.jar:/Library/Java/JavaVirtualMachines/jdk1.8.0_51.jdk/Contents/Home/jre/lib/javaws.jar:/Library/Java/JavaVirtualMachines/jdk1.8.0_51.jdk/Contents/Home/jre/lib/jce.jar:/Library/Java/JavaVirtualMachines/jdk1.8.0_51.jdk/Contents/Home/jre/lib/jfr.jar:/Library/Java/JavaVirtualMachines/jdk1.8.0_51.jdk/Contents/Home/jre/lib/jfxswt.jar:/Library/Java/JavaVirtualMachines/jdk1.8.0_51.jdk/Contents/Home/jre/lib/jsse.jar:/Library/Java/JavaVirtualMachines/jdk1.8.0_51.jdk/Contents/Home/jre/lib/management-agent.jar:/Library/Java/JavaVirtualMachines/jdk1.8.0_51.jdk/Contents/Home/jre/lib/plugin.jar:/Library/Java/JavaVirtualMachines/jdk1.8.0_51.jdk/Contents/Home/jre/lib/resources.jar:/Library/Java/JavaVirtualMachines/jdk1.8.0_51.jdk/Contents/Home/jre/lib/rt.jar:/Library/Java/JavaVirtualMachines/jdk1.8.0_51.jdk/Contents/Home/lib/ant-javafx.jar:/Library/Java/JavaVirtualMachines/jdk1.8.0_51.jdk/Contents/Home/lib/dt.jar:/Library/Java/JavaVirtualMachines/jdk1.8.0_51.jdk/Contents/Home/lib/javafx-mx.jar:/Library/Java/Jav
Launcher Type: SUN_STANDARD

Environment Variables:
JAVA_HOME=/Library/Java/JavaVirtualMachines/jdk1.8.0_11.jdk/Contents/Home/
PATH=/Users/williamtachau/.rbenv/shims:/opt/local/bin:/opt/local/sbin:/usr/local/bin:/usr/local/bin:/usr/bin:/bin:/usr/sbin:/sbin:/opt/X11/bin:/usr/local/go/bin:/opt/ImageMagick/bin:/Users/williamtachau/Development/Libraries/play-2.2.6:/Users/williamtachau/go/bin/:/Users/williamtachau/Development/Libraries/include_path:/usr/local/mysql/bin
SHELL=/bin/bash
DISPLAY=/private/tmp/com.apple.launchd.NADAY4bVuW/org.macosforge.xquartz:0

Signal Handlers:
SIGSEGV: [libjvm.dylib+0x58ef35], sa_mask[0]=11111111011111110111111111111111, sa_flags=SA_ONSTACK|SA_RESTART|SA_SIGINFO
SIGBUS: [libjvm.dylib+0x58ef35], sa_mask[0]=11111111011111110111111111111111, sa_flags=SA_RESTART|SA_SIGINFO
SIGFPE: [libjvm.dylib+0x46c028], sa_mask[0]=11111111011111110111111111111111, sa_flags=SA_RESTART|SA_SIGINFO
SIGPIPE: [libjvm.dylib+0x46c028], sa_mask[0]=11111111011111110111111111111111, sa_flags=SA_RESTART|SA_SIGINFO
SIGXFSZ: [libjvm.dylib+0x46c028], sa_mask[0]=11111111011111110111111111111111, sa_flags=SA_RESTART|SA_SIGINFO
SIGILL: [libjvm.dylib+0x46c028], sa_mask[0]=11111111011111110111111111111111, sa_flags=SA_RESTART|SA_SIGINFO
SIGUSR1: SIG_DFL, sa_mask[0]=00000000000000000000000000000000, sa_flags=none
SIGUSR2: [libjvm.dylib+0x46bb46], sa_mask[0]=00100000000000000000000000000000, sa_flags=SA_RESTART|SA_SIGINFO
SIGHUP: [libjvm.dylib+0x46a119], sa_mask[0]=11111111011111110111111111111111, sa_flags=SA_RESTART|SA_SIGINFO
SIGINT: [libjvm.dylib+0x46a119], sa_mask[0]=11111111011111110111111111111111, sa_flags=SA_RESTART|SA_SIGINFO
SIGTERM: [libjvm.dylib+0x46a119], sa_mask[0]=11111111011111110111111111111111, sa_flags=SA_RESTART|SA_SIGINFO
SIGQUIT: [libjvm.dylib+0x46a119], sa_mask[0]=11111111011111110111111111111111, sa_flags=SA_RESTART|SA_SIGINFO


---------------  S Y S T E M  ---------------

OS:Bsduname:Darwin 15.0.0 Darwin Kernel Version 15.0.0: Sat Sep 19 15:53:46 PDT 2015; root:xnu-3247.10.11~1/RELEASE_X86_64 x86_64
rlimit: STACK 8192k, CORE 0k, NPROC 709, NOFILE 10240, AS infinity
load average:22.78 17.03 17.59

CPU:total 4 (2 cores per cpu, 2 threads per core) family 6 model 69 stepping 1, cmov, cx8, fxsr, mmx, sse, sse2, sse3, ssse3, sse4.1, sse4.2, popcnt, avx, avx2, aes, clmul, erms, lzcnt, ht, tsc, tscinvbit, bmi1, bmi2

Memory: 4k page, physical 8388608k(384900k free)

/proc/meminfo:


vm_info: Java HotSpot(TM) 64-Bit Server VM (25.51-b03) for bsd-amd64 JRE (1.8.0_51-b16), built on Jun  8 2015 18:01:11 by "java_re" with gcc 4.2.1 (Based on Apple Inc. build 5658) (LLVM build 2336.11.00)

time: Mon Dec  7 21:07:08 2015
elapsed time: 901 seconds (0d 0h 15m 1s)

