#
# A fatal error has been detected by the Java Runtime Environment:
#
#  SIGSEGV (0xb) at pc=0x00000001021bac30, pid=28559, tid=17155
#
# JRE version: Java(TM) SE Runtime Environment (8.0_51-b16) (build 1.8.0_51-b16)
# Java VM: Java HotSpot(TM) 64-Bit Server VM (25.51-b03 mixed mode bsd-amd64 compressed oops)
# Problematic frame:
# V  [libjvm.dylib+0x432c30]  Method::checked_resolve_jmethod_id(_jmethodID*)+0xe
#
# Failed to write core dump. Core dumps have been disabled. To enable core dumping, try "ulimit -c unlimited" before starting Java again
#
# If you would like to submit a bug report, please visit:
#   http://bugreport.java.com/bugreport/crash.jsp
#

---------------  T H R E A D  ---------------

Current thread (0x00007f8a9380f000):  JavaThread "JDWP Transport Listener: dt_socket" daemon [_thread_in_vm, id=17155, stack(0x0000700000b3b000,0x0000700000c3b000)]

siginfo: si_signo: 11 (SIGSEGV), si_code: 0 (unknown), si_addr: 0x0000000000000000

Registers:
RAX=0x0000000000000001, RBX=0x0000700000c3aa8b, RCX=0x0000000102582190, RDX=0x0000700000c3aa8b
RSP=0x0000700000c3a9d0, RBP=0x0000700000c3a9e0, RSI=0x00007f8a9380f000, RDI=0x0005000000000000
R8 =0x0000000000000000, R9 =0x00007f8a9259e0c0, R10=0x000000009fb5173d, R11=0x00007f8a92500000
R12=0x00007f8a9380f000, R13=0x0005000000000000, R14=0x0005000000000000, R15=0x00007f8a92505830
RIP=0x00000001021bac30, EFLAGS=0x0000000000010206, ERR=0x0000000000000000
  TRAPNO=0x000000000000000d

Top of Stack: (sp=0x0000700000c3a9d0)
0x0000700000c3a9d0:   0000700000c3aa8b 0000700000c3aa8b
0x0000700000c3a9e0:   0000700000c3aa40 00000001020caf8e
0x0000700000c3a9f0:   00007f8a9380f000 0000000000000000
0x0000700000c3aa00:   0000000000000000 0000000000000000
0x0000700000c3aa10:   00007f8a9380f000 00007f8a9380f000
0x0000700000c3aa20:   0000700000c3aa8b 0000700000c3aa90
0x0000700000c3aa30:   0005000000000000 0000000000000009
0x0000700000c3aa40:   0000700000c3aa60 0000000102d55780
0x0000700000c3aa50:   0000000000000001 0000700000c3ab08
0x0000700000c3aa60:   0000700000c3aad0 0000000102d3a1f3
0x0000700000c3aa70:   0000700000c3aaa0 00007f8a92599d00
0x0000700000c3aa80:   0000000a00000032 0000000200c3ab08
0x0000700000c3aa90:   0000000000000000 0000000000000000
0x0000700000c3aaa0:   0000000000000000 0000700000c3ac90
0x0000700000c3aab0:   0000000102d5ce7a 00007f8a924c61c0
0x0000700000c3aac0:   0000700000c3ab08 0000000102d68598
0x0000700000c3aad0:   0000700000c3aae0 0000000102d3a2ec
0x0000700000c3aae0:   0000700000c3ad00 0000000102d43898
0x0000700000c3aaf0:   000b98e500000013 00000000000f0200
0x0000700000c3ab00:   00007f8a924ef350 00007f8a9480c029
0x0000700000c3ab10:   00007f8a000000bf 00007f8a925f2b70
0x0000700000c3ab20:   000000000000012c 0000700000c3ab58
0x0000700000c3ab30:   00007f8a925f2b70 0000000000000000
0x0000700000c3ab40:   000b98e50000001b 00007fff0000cc80
0x0000700000c3ab50:   0000700000c3ab58 8a7f00000a000000
0x0000700000c3ab60:   0800000050e47192 3e74696e696c633c
0x0000700000c3ab70:   0056292803000000 0008000000000000
0x0000700000c3ab80:   0078e471928a7f00 4349444e490e0000
0x0000700000c3ab90:   454b5f4950415f4f 4c29281400000059
0x0000700000c3aba0:   6e616c2f6176616a 676e697274532f67
0x0000700000c3abb0:   000000000000003b 117b928a7f000001
0x0000700000c3abc0:   646e690600000030 28140000006f6369 

Instructions: (pc=0x00000001021bac30)
0x00000001021bac10:   40 48 48 85 c0 75 e0 30 c0 0f b6 c0 5d c3 31 c0
0x00000001021bac20:   5d c3 55 48 89 e5 53 48 83 ec 08 48 85 ff 74 24
0x00000001021bac30:   48 8b 1f 48 85 db 74 1c 48 83 fb 37 74 16 48 8b
0x00000001021bac40:   03 48 89 df ff 50 10 84 c0 b8 00 00 00 00 48 0f 

Register to memory mapping:

RAX=0x0000000000000001 is an unknown value
RBX=0x0000700000c3aa8b is pointing into the stack for thread: 0x00007f8a9380f000
RCX=0x0000000102582190: UseMembar+0 in /Library/Java/JavaVirtualMachines/jdk1.8.0_51.jdk/Contents/Home/jre/lib/server/libjvm.dylib at 0x0000000101d88000
RDX=0x0000700000c3aa8b is pointing into the stack for thread: 0x00007f8a9380f000
RSP=0x0000700000c3a9d0 is pointing into the stack for thread: 0x00007f8a9380f000
RBP=0x0000700000c3a9e0 is pointing into the stack for thread: 0x00007f8a9380f000
RSI=0x00007f8a9380f000 is a thread
RDI=0x0005000000000000 is an unknown value
R8 =0x0000000000000000 is an unknown value
R9 =0x00007f8a9259e0c0 is an unknown value
R10=0x000000009fb5173d is an unknown value
R11=0x00007f8a92500000 is an unknown value
R12=0x00007f8a9380f000 is a thread
R13=0x0005000000000000 is an unknown value
R14=0x0005000000000000 is an unknown value
R15=0x00007f8a92505830 is an unknown value


Stack: [0x0000700000b3b000,0x0000700000c3b000],  sp=0x0000700000c3a9d0,  free space=1022k
Native frames: (J=compiled Java code, j=interpreted, Vv=VM code, C=native code)
V  [libjvm.dylib+0x432c30]  Method::checked_resolve_jmethod_id(_jmethodID*)+0xe
V  [libjvm.dylib+0x342f8e]  jvmti_IsMethodSynthetic+0xb2
C  [libjdwp.dylib+0x20780]  isMethodSynthetic+0x63
C  [libjdwp.dylib+0x51f3]  methods1+0x10b
C  [libjdwp.dylib+0x52ec]  methodsWithGeneric+0xe
C  [libjdwp.dylib+0xe898]  debugLoop_run+0x1ce
C  [libjdwp.dylib+0x1f6ba]  attachThread+0x4d
V  [libjvm.dylib+0x383f3c]  JvmtiAgentThread::call_start_function()+0x38
V  [libjvm.dylib+0x549a6f]  JavaThread::thread_main_inner()+0x9b
V  [libjvm.dylib+0x54b160]  JavaThread::run()+0x1c2
V  [libjvm.dylib+0x46e99e]  java_start(Thread*)+0xf6
C  [libsystem_pthread.dylib+0x39b1]  _pthread_body+0x83
C  [libsystem_pthread.dylib+0x392e]  _pthread_body+0x0
C  [libsystem_pthread.dylib+0x1385]  thread_start+0xd
C  0x0000000000000000


---------------  P R O C E S S  ---------------

Java Threads: ( => current thread )
  0x00007f8a92cc8000 JavaThread "DestroyJavaVM" [_thread_blocked, id=4099, stack(0x0000700000084000,0x0000700000184000)]
  0x00007f8a93416000 JavaThread "Twitter4J Async Dispatcher[0]" daemon [_thread_blocked, id=25355, stack(0x0000700001862000,0x0000700001962000)]
  0x00007f8a93992800 JavaThread "presidents-akka.actor.default-dispatcher-2" [_thread_blocked, id=21763, stack(0x0000700001456000,0x0000700001556000)]
  0x00007f8a9398b800 JavaThread "presidents-scheduler-1" [_thread_blocked, id=21251, stack(0x0000700001353000,0x0000700001453000)]
  0x00007f8a9282c000 JavaThread "Service Thread" daemon [_thread_blocked, id=20227, stack(0x000070000114d000,0x000070000124d000)]
  0x00007f8a9304e800 JavaThread "C1 CompilerThread2" daemon [_thread_blocked, id=19715, stack(0x000070000104a000,0x000070000114a000)]
  0x00007f8a9281a800 JavaThread "C2 CompilerThread1" daemon [_thread_blocked, id=19203, stack(0x0000700000f47000,0x0000700001047000)]
  0x00007f8a9304f800 JavaThread "C2 CompilerThread0" daemon [_thread_blocked, id=18691, stack(0x0000700000e44000,0x0000700000f44000)]
  0x00007f8a94031800 JavaThread "JDWP Command Reader" daemon [_thread_in_native, id=18179, stack(0x0000700000d41000,0x0000700000e41000)]
  0x00007f8a94030800 JavaThread "JDWP Event Helper Thread" daemon [_thread_blocked, id=17667, stack(0x0000700000c3e000,0x0000700000d3e000)]
=>0x00007f8a9380f000 JavaThread "JDWP Transport Listener: dt_socket" daemon [_thread_in_vm, id=17155, stack(0x0000700000b3b000,0x0000700000c3b000)]
  0x00007f8a9304c000 JavaThread "Signal Dispatcher" daemon [_thread_blocked, id=16647, stack(0x0000700000a38000,0x0000700000b38000)]
  0x00007f8a9280c800 JavaThread "Finalizer" daemon [_thread_blocked, id=12291, stack(0x000070000082f000,0x000070000092f000)]
  0x00007f8a9302d000 JavaThread "Reference Handler" daemon [_thread_blocked, id=11779, stack(0x000070000072c000,0x000070000082c000)]

Other Threads:
  0x00007f8a9302a800 VMThread [stack: 0x0000700000629000,0x0000700000729000] [id=11267]
  0x00007f8a92811800 WatcherThread [stack: 0x0000700001250000,0x0000700001350000] [id=20739]

VM state:not at safepoint (normal execution)

VM Mutex/Monitor currently owned by a thread: None

Heap:
 PSYoungGen      total 38400K, used 32764K [0x0000000795580000, 0x0000000798000000, 0x00000007c0000000)
  eden space 33280K, 83% used [0x0000000795580000,0x00000007970850e0,0x0000000797600000)
  from space 5120K, 99% used [0x0000000797b00000,0x0000000797ffa090,0x0000000798000000)
  to   space 5120K, 0% used [0x0000000797600000,0x0000000797600000,0x0000000797b00000)
 ParOldGen       total 87552K, used 6972K [0x0000000740000000, 0x0000000745580000, 0x0000000795580000)
  object space 87552K, 7% used [0x0000000740000000,0x00000007406cf3e0,0x0000000745580000)
 Metaspace       used 20171K, capacity 20338K, committed 20480K, reserved 1067008K
  class space    used 2678K, capacity 2761K, committed 2816K, reserved 1048576K

Card table byte_map: [0x00000001129c0000,0x0000000112dc1000] byte_map_base: 0x000000010efc0000

Marking Bits: (ParMarkBitMap*) 0x000000010264a7a0
 Begin Bits: [0x000000011306c000, 0x000000011506c000)
 End Bits:   [0x000000011506c000, 0x000000011706c000)

Polling page: 0x0000000102d34000

CodeCache: size=245760Kb used=8169Kb max_used=8183Kb free=237590Kb
 bounds [0x0000000103600000, 0x0000000103e10000, 0x0000000112600000]
 total_blobs=2478 nmethods=2081 adapters=318
 compilation: enabled

Compilation events (10 events):
Event: 57.305 Thread 0x00007f8a9281a800 2094       4       akka.actor.LightArrayRevolverScheduler$$anon$8::checkQueue (174 bytes)
Event: 57.307 Thread 0x00007f8a9281a800 nmethod 2094 0x0000000103ddb0d0 code [0x0000000103ddb240, 0x0000000103ddb418]
Event: 67.567 Thread 0x00007f8a9304f800 2095   !   4       akka.actor.LightArrayRevolverScheduler::waitNanos (50 bytes)
Event: 67.569 Thread 0x00007f8a9304f800 nmethod 2095 0x0000000103ddad10 code [0x0000000103ddae80, 0x0000000103ddaf98]
Event: 306.517 Thread 0x00007f8a9304e800 2096 %     3       akka.actor.LightArrayRevolverScheduler$$anon$8::nextTick @ 0 (193 bytes)
Event: 306.551 Thread 0x00007f8a9304e800 nmethod 2096% 0x0000000103dceed0 code [0x0000000103dcf240, 0x0000000103dd0e28]
Event: 311.635 Thread 0x00007f8a9304e800 2097       3       akka.actor.LightArrayRevolverScheduler$$anon$8::nextTick (193 bytes)
Event: 311.637 Thread 0x00007f8a9304e800 nmethod 2097 0x0000000103dff7d0 code [0x0000000103dffb40, 0x0000000103e01688]
Event: 511.345 Thread 0x00007f8a9304f800 2098 %     4       akka.actor.LightArrayRevolverScheduler$$anon$8::nextTick @ 0 (193 bytes)
Event: 511.379 Thread 0x00007f8a9304f800 nmethod 2098% 0x0000000103e02d90 code [0x0000000103e02fe0, 0x0000000103e03d20]

GC Heap History (8 events):
Event: 3.560 GC heap before
{Heap before GC invocations=1 (full 0):
 PSYoungGen      total 38400K, used 33280K [0x0000000795580000, 0x0000000798000000, 0x00000007c0000000)
  eden space 33280K, 100% used [0x0000000795580000,0x0000000797600000,0x0000000797600000)
  from space 5120K, 0% used [0x0000000797b00000,0x0000000797b00000,0x0000000798000000)
  to   space 5120K, 0% used [0x0000000797600000,0x0000000797600000,0x0000000797b00000)
 ParOldGen       total 87552K, used 0K [0x0000000740000000, 0x0000000745580000, 0x0000000795580000)
  object space 87552K, 0% used [0x0000000740000000,0x0000000740000000,0x0000000745580000)
 Metaspace       used 8774K, capacity 9012K, committed 9216K, reserved 1056768K
  class space    used 1247K, capacity 1264K, committed 1280K, reserved 1048576K
Event: 3.568 GC heap after
Heap after GC invocations=1 (full 0):
 PSYoungGen      total 38400K, used 5094K [0x0000000795580000, 0x0000000798000000, 0x00000007c0000000)
  eden space 33280K, 0% used [0x0000000795580000,0x0000000795580000,0x0000000797600000)
  from space 5120K, 99% used [0x0000000797600000,0x0000000797af99d0,0x0000000797b00000)
  to   space 5120K, 0% used [0x0000000797b00000,0x0000000797b00000,0x0000000798000000)
 ParOldGen       total 87552K, used 369K [0x0000000740000000, 0x0000000745580000, 0x0000000795580000)
  object space 87552K, 0% used [0x0000000740000000,0x000000074005c7f8,0x0000000745580000)
 Metaspace       used 8774K, capacity 9012K, committed 9216K, reserved 1056768K
  class space    used 1247K, capacity 1264K, committed 1280K, reserved 1048576K
}
Event: 4.851 GC heap before
{Heap before GC invocations=2 (full 0):
 PSYoungGen      total 38400K, used 38371K [0x0000000795580000, 0x0000000798000000, 0x00000007c0000000)
  eden space 33280K, 99% used [0x0000000795580000,0x00000007975ff4a0,0x0000000797600000)
  from space 5120K, 99% used [0x0000000797600000,0x0000000797af99d0,0x0000000797b00000)
  to   space 5120K, 0% used [0x0000000797b00000,0x0000000797b00000,0x0000000798000000)
 ParOldGen       total 87552K, used 369K [0x0000000740000000, 0x0000000745580000, 0x0000000795580000)
  object space 87552K, 0% used [0x0000000740000000,0x000000074005c7f8,0x0000000745580000)
 Metaspace       used 15697K, capacity 15892K, committed 16128K, reserved 1062912K
  class space    used 2170K, capacity 2244K, committed 2304K, reserved 1048576K
Event: 4.863 GC heap after
Heap after GC invocations=2 (full 0):
 PSYoungGen      total 38400K, used 5102K [0x0000000795580000, 0x0000000798000000, 0x00000007c0000000)
  eden space 33280K, 0% used [0x0000000795580000,0x0000000795580000,0x0000000797600000)
  from space 5120K, 99% used [0x0000000797b00000,0x0000000797ffba98,0x0000000798000000)
  to   space 5120K, 0% used [0x0000000797600000,0x0000000797600000,0x0000000797b00000)
 ParOldGen       total 87552K, used 2706K [0x0000000740000000, 0x0000000745580000, 0x0000000795580000)
  object space 87552K, 3% used [0x0000000740000000,0x00000007402a4bf0,0x0000000745580000)
 Metaspace       used 15697K, capacity 15892K, committed 16128K, reserved 1062912K
  class space    used 2170K, capacity 2244K, committed 2304K, reserved 1048576K
}
Event: 17.733 GC heap before
{Heap before GC invocations=3 (full 0):
 PSYoungGen      total 38400K, used 38382K [0x0000000795580000, 0x0000000798000000, 0x00000007c0000000)
  eden space 33280K, 100% used [0x0000000795580000,0x0000000797600000,0x0000000797600000)
  from space 5120K, 99% used [0x0000000797b00000,0x0000000797ffba98,0x0000000798000000)
  to   space 5120K, 0% used [0x0000000797600000,0x0000000797600000,0x0000000797b00000)
 ParOldGen       total 87552K, used 2706K [0x0000000740000000, 0x0000000745580000, 0x0000000795580000)
  object space 87552K, 3% used [0x0000000740000000,0x00000007402a4bf0,0x0000000745580000)
 Metaspace       used 18713K, capacity 18956K, committed 19072K, reserved 1064960K
  class space    used 2510K, capacity 2600K, committed 2688K, reserved 1048576K
Event: 17.746 GC heap after
Heap after GC invocations=3 (full 0):
 PSYoungGen      total 38400K, used 5104K [0x0000000795580000, 0x0000000798000000, 0x00000007c0000000)
  eden space 33280K, 0% used [0x0000000795580000,0x0000000795580000,0x0000000797600000)
  from space 5120K, 99% used [0x0000000797600000,0x0000000797afc058,0x0000000797b00000)
  to   space 5120K, 0% used [0x0000000797b00000,0x0000000797b00000,0x0000000798000000)
 ParOldGen       total 87552K, used 6704K [0x0000000740000000, 0x0000000745580000, 0x0000000795580000)
  object space 87552K, 7% used [0x0000000740000000,0x000000074068c300,0x0000000745580000)
 Metaspace       used 18713K, capacity 18956K, committed 19072K, reserved 1064960K
  class space    used 2510K, capacity 2600K, committed 2688K, reserved 1048576K
}
Event: 19.328 GC heap before
{Heap before GC invocations=4 (full 0):
 PSYoungGen      total 38400K, used 38384K [0x0000000795580000, 0x0000000798000000, 0x00000007c0000000)
  eden space 33280K, 100% used [0x0000000795580000,0x0000000797600000,0x0000000797600000)
  from space 5120K, 99% used [0x0000000797600000,0x0000000797afc058,0x0000000797b00000)
  to   space 5120K, 0% used [0x0000000797b00000,0x0000000797b00000,0x0000000798000000)
 ParOldGen       total 87552K, used 6704K [0x0000000740000000, 0x0000000745580000, 0x0000000795580000)
  object space 87552K, 7% used [0x0000000740000000,0x000000074068c300,0x0000000745580000)
 Metaspace       used 19900K, capacity 20114K, committed 20480K, reserved 1067008K
  class space    used 2647K, capacity 2729K, committed 2816K, reserved 1048576K
Event: 19.338 GC heap after
Heap after GC invocations=4 (full 0):
 PSYoungGen      total 38400K, used 5096K [0x0000000795580000, 0x0000000798000000, 0x00000007c0000000)
  eden space 33280K, 0% used [0x0000000795580000,0x0000000795580000,0x0000000797600000)
  from space 5120K, 99% used [0x0000000797b00000,0x0000000797ffa090,0x0000000798000000)
  to   space 5120K, 0% used [0x0000000797600000,0x0000000797600000,0x0000000797b00000)
 ParOldGen       total 87552K, used 6972K [0x0000000740000000, 0x0000000745580000, 0x0000000795580000)
  object space 87552K, 7% used [0x0000000740000000,0x00000007406cf3e0,0x0000000745580000)
 Metaspace       used 19900K, capacity 20114K, committed 20480K, reserved 1067008K
  class space    used 2647K, capacity 2729K, committed 2816K, reserved 1048576K
}

Deoptimization events (10 events):
Event: 4.912 Thread 0x00007f8a94215800 Uncommon trap: reason=class_check action=maybe_recompile pc=0x0000000103a56d9c method=java.util.jar.JarFile.getJarEntry(Ljava/lang/String;)Ljava/util/jar/JarEntry; @ 2
Event: 4.957 Thread 0x00007f8a94215800 Uncommon trap: reason=unstable_if action=reinterpret pc=0x0000000103940cb4 method=java.lang.CharacterDataLatin1.digit(II)I @ 82
Event: 7.610 Thread 0x00007f8a93416000 Uncommon trap: reason=unstable_if action=reinterpret pc=0x0000000103b4bc1c method=twitter4j.JSONObject.stringToValue(Ljava/lang/String;)Ljava/lang/Object; @ 142
Event: 8.115 Thread 0x00007f8a93416000 Uncommon trap: reason=unstable_if action=reinterpret pc=0x0000000103b18210 method=sun.nio.cs.UTF_8$Decoder.decodeArrayLoop(Ljava/nio/ByteBuffer;Ljava/nio/CharBuffer;)Ljava/nio/charset/CoderResult; @ 84
Event: 8.138 Thread 0x00007f8a93416000 Uncommon trap: reason=unstable_if action=reinterpret pc=0x0000000103b17780 method=sun.nio.cs.UTF_8$Decoder.decodeArrayLoop(Ljava/nio/ByteBuffer;Ljava/nio/CharBuffer;)Ljava/nio/charset/CoderResult; @ 84
Event: 8.343 Thread 0x00007f8a93416000 Uncommon trap: reason=unstable_if action=reinterpret pc=0x0000000103c0cd70 method=java.lang.Character.isSurrogate(C)Z @ 3
Event: 18.915 Thread 0x00007f8a93416000 Uncommon trap: reason=unstable_if action=reinterpret pc=0x0000000103c19df8 method=java.util.concurrent.ConcurrentHashMap.putVal(Ljava/lang/Object;Ljava/lang/Object;Z)Ljava/lang/Object; @ 206
Event: 19.026 Thread 0x00007f8a93416000 Uncommon trap: reason=unstable_if action=reinterpret pc=0x0000000103c65e50 method=java.lang.ThreadLocal$ThreadLocalMap.getEntry(Ljava/lang/ThreadLocal;)Ljava/lang/ThreadLocal$ThreadLocalMap$Entry; @ 29
Event: 24.297 Thread 0x00007f8a94215800 Uncommon trap: reason=unstable_if action=reinterpret pc=0x0000000103c7cbf0 method=java.util.zip.Inflater.ensureOpen()V @ 33
Event: 24.299 Thread 0x00007f8a93020800 Uncommon trap: reason=unstable_if action=reinterpret pc=0x0000000103d58184 method=com.sun.crypto.provider.GaloisCounterMode.decryptFinal([BII[BI)I @ 5

Internal exceptions (10 events):
Event: 4.205 Thread 0x00007f8a93020800 Exception <a 'java/io/FileNotFoundException'> (0x00000007967f1800) thrown at [/Users/java_re/workspace/8-2-build-macosx-x86_64/jdk8u51/3951/hotspot/src/share/vm/prims/jni.cpp, line 709]
Event: 4.230 Thread 0x00007f8a93020800 Exception <a 'java/lang/NoClassDefFoundError': org/apache/log4j/Priority> (0x00000007968ba808) thrown at [/Users/java_re/workspace/8-2-build-macosx-x86_64/jdk8u51/3951/hotspot/src/share/vm/classfile/systemDictionary.cpp, line 199]
Event: 4.468 Thread 0x00007f8a94215800 Exception <a 'java/lang/NoSuchFieldError': method resolution failed> (0x0000000796d367f0) thrown at [/Users/java_re/workspace/8-2-build-macosx-x86_64/jdk8u51/3951/hotspot/src/share/vm/prims/methodHandles.cpp, line 1125]
Event: 4.471 Thread 0x00007f8a94215800 Exception <a 'java/lang/NoSuchFieldError': method resolution failed> (0x0000000796d45120) thrown at [/Users/java_re/workspace/8-2-build-macosx-x86_64/jdk8u51/3951/hotspot/src/share/vm/prims/methodHandles.cpp, line 1125]
Event: 17.947 Thread 0x00007f8a93416000 Exception <a 'java/lang/ArrayIndexOutOfBoundsException'> (0x00000007958c1a38) thrown at [/Users/java_re/workspace/8-2-build-macosx-x86_64/jdk8u51/3951/hotspot/src/share/vm/runtime/sharedRuntime.cpp, line 605]
Event: 17.948 Thread 0x00007f8a93416000 Exception <a 'java/lang/ArrayIndexOutOfBoundsException'> (0x00000007958c2b30) thrown at [/Users/java_re/workspace/8-2-build-macosx-x86_64/jdk8u51/3951/hotspot/src/share/vm/runtime/sharedRuntime.cpp, line 605]
Event: 17.954 Thread 0x00007f8a93416000 Exception <a 'java/lang/ArrayIndexOutOfBoundsException'> (0x00000007958cdc88) thrown at [/Users/java_re/workspace/8-2-build-macosx-x86_64/jdk8u51/3951/hotspot/src/share/vm/runtime/sharedRuntime.cpp, line 605]
Event: 17.954 Thread 0x00007f8a93416000 Exception <a 'java/lang/ArrayIndexOutOfBoundsException'> (0x00000007958cef90) thrown at [/Users/java_re/workspace/8-2-build-macosx-x86_64/jdk8u51/3951/hotspot/src/share/vm/runtime/sharedRuntime.cpp, line 605]
Event: 17.954 Thread 0x00007f8a93416000 Exception <a 'java/lang/ArrayIndexOutOfBoundsException'> (0x00000007958d0128) thrown at [/Users/java_re/workspace/8-2-build-macosx-x86_64/jdk8u51/3951/hotspot/src/share/vm/runtime/sharedRuntime.cpp, line 605]
Event: 17.954 Thread 0x00007f8a93416000 Exception <a 'java/lang/ArrayIndexOutOfBoundsException'> (0x00000007958d12e0) thrown at [/Users/java_re/workspace/8-2-build-macosx-x86_64/jdk8u51/3951/hotspot/src/share/vm/runtime/sharedRuntime.cpp, line 605]

Events (10 events):
Event: 24.300 Thread 0x00007f8a94215800 Thread exited: 0x00007f8a94215800
Event: 46.066 Thread 0x00007f8a9420b000 Thread exited: 0x00007f8a9420b000
Event: 144.055 Executing VM operation: RedefineClasses
Event: 145.070 Executing VM operation: RedefineClasses done
Event: 179.999 Executing VM operation: RedefineClasses
Event: 180.629 Executing VM operation: RedefineClasses done
Event: 552.305 Thread 0x00007f8a9398b800 DEOPT PACKING pc=0x0000000103dd0a2d sp=0x0000700001452730
Event: 552.307 Thread 0x00007f8a9398b800 DEOPT UNPACKING pc=0x0000000103647633 sp=0x0000700001452548 mode 0
Event: 1041.806 Executing VM operation: RedefineClasses
Event: 1042.110 Executing VM operation: RedefineClasses done


Dynamic libraries:
0x00000000073fd000 	/System/Library/Frameworks/Cocoa.framework/Versions/A/Cocoa
0x00000000073fd000 	/System/Library/Frameworks/Security.framework/Versions/A/Security
0x00000000073fd000 	/System/Library/Frameworks/ApplicationServices.framework/Versions/A/ApplicationServices
0x00000000073fd000 	/usr/lib/libz.1.dylib
0x00000000073fd000 	/usr/lib/libSystem.B.dylib
0x00000000073fd000 	/usr/lib/libobjc.A.dylib
0x00000000073fd000 	/System/Library/Frameworks/CoreFoundation.framework/Versions/A/CoreFoundation
0x00000000073fd000 	/System/Library/Frameworks/Foundation.framework/Versions/C/Foundation
0x00000000073fd000 	/System/Library/Frameworks/AppKit.framework/Versions/C/AppKit
0x00000000073fd000 	/System/Library/Frameworks/CoreData.framework/Versions/A/CoreData
0x00000000073fd000 	/System/Library/PrivateFrameworks/RemoteViewServices.framework/Versions/A/RemoteViewServices
0x00000000073fd000 	/System/Library/PrivateFrameworks/UIFoundation.framework/Versions/A/UIFoundation
0x00000000073fd000 	/usr/lib/libScreenReader.dylib
0x00000000073fd000 	/System/Library/Frameworks/Accelerate.framework/Versions/A/Accelerate
0x00000000073fd000 	/System/Library/Frameworks/IOSurface.framework/Versions/A/IOSurface
0x00000000073fd000 	/System/Library/Frameworks/AudioToolbox.framework/Versions/A/AudioToolbox
0x00000000073fd000 	/System/Library/Frameworks/AudioUnit.framework/Versions/A/AudioUnit
0x00000000073fd000 	/System/Library/PrivateFrameworks/DataDetectorsCore.framework/Versions/A/DataDetectorsCore
0x00000000073fd000 	/System/Library/PrivateFrameworks/DesktopServicesPriv.framework/Versions/A/DesktopServicesPriv
0x00000000073fd000 	/System/Library/Frameworks/Carbon.framework/Versions/A/Frameworks/HIToolbox.framework/Versions/A/HIToolbox
0x00000000073fd000 	/System/Library/Frameworks/QuartzCore.framework/Versions/A/QuartzCore
0x00000000073fd000 	/System/Library/Frameworks/Carbon.framework/Versions/A/Frameworks/SpeechRecognition.framework/Versions/A/SpeechRecognition
0x00000000073fd000 	/usr/lib/libauto.dylib
0x00000000073fd000 	/usr/lib/libicucore.A.dylib
0x00000000073fd000 	/usr/lib/libxml2.2.dylib
0x00000000073fd000 	/System/Library/PrivateFrameworks/CoreUI.framework/Versions/A/CoreUI
0x00000000073fd000 	/System/Library/Frameworks/CoreAudio.framework/Versions/A/CoreAudio
0x00000000073fd000 	/System/Library/Frameworks/DiskArbitration.framework/Versions/A/DiskArbitration
0x00000000073fd000 	/usr/lib/liblangid.dylib
0x00000000073fd000 	/System/Library/PrivateFrameworks/MultitouchSupport.framework/Versions/A/MultitouchSupport
0x00000000073fd000 	/System/Library/Frameworks/IOKit.framework/Versions/A/IOKit
0x00000000073fd000 	/usr/lib/libDiagnosticMessagesClient.dylib
0x00000000073fd000 	/System/Library/Frameworks/CoreServices.framework/Versions/A/CoreServices
0x00000000073fd000 	/System/Library/PrivateFrameworks/PerformanceAnalysis.framework/Versions/A/PerformanceAnalysis
0x00000000073fd000 	/System/Library/PrivateFrameworks/GenerationalStorage.framework/Versions/A/GenerationalStorage
0x00000000073fd000 	/System/Library/Frameworks/OpenGL.framework/Versions/A/OpenGL
0x00000000073fd000 	/System/Library/PrivateFrameworks/Sharing.framework/Versions/A/Sharing
0x00000000073fd000 	/System/Library/Frameworks/CoreGraphics.framework/Versions/A/CoreGraphics
0x00000000073fd000 	/System/Library/Frameworks/CoreImage.framework/Versions/A/CoreImage
0x00000000073fd000 	/System/Library/Frameworks/CoreText.framework/Versions/A/CoreText
0x00000000073fd000 	/System/Library/Frameworks/ImageIO.framework/Versions/A/ImageIO
0x00000000073fd000 	/System/Library/PrivateFrameworks/Backup.framework/Versions/A/Backup
0x00000000073fd000 	/usr/lib/libextension.dylib
0x00000000073fd000 	/usr/lib/libarchive.2.dylib
0x00000000073fd000 	/System/Library/Frameworks/CFNetwork.framework/Versions/A/CFNetwork
0x00000000073fd000 	/System/Library/Frameworks/SystemConfiguration.framework/Versions/A/SystemConfiguration
0x00000000073fd000 	/usr/lib/libCRFSuite.dylib
0x00000000073fd000 	/usr/lib/libc++.1.dylib
0x00000000073fd000 	/usr/lib/libc++abi.dylib
0x00000000073fd000 	/usr/lib/system/libcache.dylib
0x00000000073fd000 	/usr/lib/system/libcommonCrypto.dylib
0x00000000073fd000 	/usr/lib/system/libcompiler_rt.dylib
0x00000000073fd000 	/usr/lib/system/libcopyfile.dylib
0x00000000073fd000 	/usr/lib/system/libcorecrypto.dylib
0x00000000073fd000 	/usr/lib/system/libdispatch.dylib
0x00000000073fd000 	/usr/lib/system/libdyld.dylib
0x00000000073fd000 	/usr/lib/system/libkeymgr.dylib
0x00000000073fd000 	/usr/lib/system/liblaunch.dylib
0x00000000073fd000 	/usr/lib/system/libmacho.dylib
0x00000000073fd000 	/usr/lib/system/libquarantine.dylib
0x00000000073fd000 	/usr/lib/system/libremovefile.dylib
0x00000000073fd000 	/usr/lib/system/libsystem_asl.dylib
0x00000000073fd000 	/usr/lib/system/libsystem_blocks.dylib
0x00000000073fd000 	/usr/lib/system/libsystem_c.dylib
0x00000000073fd000 	/usr/lib/system/libsystem_configuration.dylib
0x00000000073fd000 	/usr/lib/system/libsystem_coreservices.dylib
0x00000000073fd000 	/usr/lib/system/libsystem_coretls.dylib
0x00000000073fd000 	/usr/lib/system/libsystem_dnssd.dylib
0x00000000073fd000 	/usr/lib/system/libsystem_info.dylib
0x00000000073fd000 	/usr/lib/system/libsystem_kernel.dylib
0x00000000073fd000 	/usr/lib/system/libsystem_m.dylib
0x00000000073fd000 	/usr/lib/system/libsystem_malloc.dylib
0x00000000073fd000 	/usr/lib/system/libsystem_network.dylib
0x00000000073fd000 	/usr/lib/system/libsystem_networkextension.dylib
0x00000000073fd000 	/usr/lib/system/libsystem_notify.dylib
0x00000000073fd000 	/usr/lib/system/libsystem_platform.dylib
0x00000000073fd000 	/usr/lib/system/libsystem_pthread.dylib
0x00000000073fd000 	/usr/lib/system/libsystem_sandbox.dylib
0x00000000073fd000 	/usr/lib/system/libsystem_secinit.dylib
0x00000000073fd000 	/usr/lib/system/libsystem_trace.dylib
0x00000000073fd000 	/usr/lib/system/libunc.dylib
0x00000000073fd000 	/usr/lib/system/libunwind.dylib
0x00000000073fd000 	/usr/lib/system/libxpc.dylib
0x00000000073fd000 	/usr/lib/libenergytrace.dylib
0x00000000073fd000 	/usr/lib/libbsm.0.dylib
0x00000000073fd000 	/usr/lib/system/libkxld.dylib
0x00000000073fd000 	/usr/lib/libxar.1.dylib
0x00000000073fd000 	/usr/lib/libsqlite3.dylib
0x00000000073fd000 	/usr/lib/libpam.2.dylib
0x00000000073fd000 	/usr/lib/libOpenScriptingUtil.dylib
0x00000000073fd000 	/usr/lib/libbz2.1.0.dylib
0x00000000073fd000 	/usr/lib/liblzma.5.dylib
0x00000000073fd000 	/System/Library/Frameworks/CoreServices.framework/Versions/A/Frameworks/FSEvents.framework/Versions/A/FSEvents
0x00000000073fd000 	/System/Library/Frameworks/CoreServices.framework/Versions/A/Frameworks/CarbonCore.framework/Versions/A/CarbonCore
0x00000000073fd000 	/System/Library/Frameworks/CoreServices.framework/Versions/A/Frameworks/Metadata.framework/Versions/A/Metadata
0x00000000073fd000 	/System/Library/Frameworks/CoreServices.framework/Versions/A/Frameworks/OSServices.framework/Versions/A/OSServices
0x00000000073fd000 	/System/Library/Frameworks/CoreServices.framework/Versions/A/Frameworks/SearchKit.framework/Versions/A/SearchKit
0x00000000073fd000 	/System/Library/Frameworks/CoreServices.framework/Versions/A/Frameworks/AE.framework/Versions/A/AE
0x00000000073fd000 	/System/Library/Frameworks/CoreServices.framework/Versions/A/Frameworks/LaunchServices.framework/Versions/A/LaunchServices
0x00000000073fd000 	/System/Library/Frameworks/CoreServices.framework/Versions/A/Frameworks/DictionaryServices.framework/Versions/A/DictionaryServices
0x00000000073fd000 	/System/Library/Frameworks/CoreServices.framework/Versions/A/Frameworks/SharedFileList.framework/Versions/A/SharedFileList
0x00000000073fd000 	/System/Library/Frameworks/NetFS.framework/Versions/A/NetFS
0x00000000073fd000 	/System/Library/PrivateFrameworks/NetAuth.framework/Versions/A/NetAuth
0x00000000073fd000 	/System/Library/PrivateFrameworks/login.framework/Versions/A/Frameworks/loginsupport.framework/Versions/A/loginsupport
0x00000000073fd000 	/System/Library/PrivateFrameworks/TCC.framework/Versions/A/TCC
0x00000000073fd000 	/usr/lib/libmecabra.dylib
0x00000000073fd000 	/System/Library/Frameworks/ApplicationServices.framework/Versions/A/Frameworks/ATS.framework/Versions/A/ATS
0x00000000073fd000 	/System/Library/Frameworks/ApplicationServices.framework/Versions/A/Frameworks/ColorSync.framework/Versions/A/ColorSync
0x00000000073fd000 	/System/Library/Frameworks/ApplicationServices.framework/Versions/A/Frameworks/HIServices.framework/Versions/A/HIServices
0x00000000073fd000 	/System/Library/Frameworks/ApplicationServices.framework/Versions/A/Frameworks/LangAnalysis.framework/Versions/A/LangAnalysis
0x00000000073fd000 	/System/Library/Frameworks/ApplicationServices.framework/Versions/A/Frameworks/PrintCore.framework/Versions/A/PrintCore
0x00000000073fd000 	/System/Library/Frameworks/ApplicationServices.framework/Versions/A/Frameworks/QD.framework/Versions/A/QD
0x00000000073fd000 	/System/Library/Frameworks/ApplicationServices.framework/Versions/A/Frameworks/SpeechSynthesis.framework/Versions/A/SpeechSynthesis
0x00000000073fd000 	/System/Library/Frameworks/Metal.framework/Versions/A/Metal
0x00000000073fd000 	/System/Library/Frameworks/Accelerate.framework/Versions/A/Frameworks/vImage.framework/Versions/A/vImage
0x00000000073fd000 	/System/Library/Frameworks/Accelerate.framework/Versions/A/Frameworks/vecLib.framework/Versions/A/vecLib
0x00000000073fd000 	/System/Library/Frameworks/Accelerate.framework/Versions/A/Frameworks/vecLib.framework/Versions/A/libvDSP.dylib
0x00000000073fd000 	/System/Library/Frameworks/Accelerate.framework/Versions/A/Frameworks/vecLib.framework/Versions/A/libvMisc.dylib
0x00000000073fd000 	/System/Library/Frameworks/Accelerate.framework/Versions/A/Frameworks/vecLib.framework/Versions/A/libLAPACK.dylib
0x00000000073fd000 	/System/Library/Frameworks/Accelerate.framework/Versions/A/Frameworks/vecLib.framework/Versions/A/libBLAS.dylib
0x00000000073fd000 	/System/Library/Frameworks/Accelerate.framework/Versions/A/Frameworks/vecLib.framework/Versions/A/libLinearAlgebra.dylib
0x00000000073fd000 	/System/Library/Frameworks/Accelerate.framework/Versions/A/Frameworks/vecLib.framework/Versions/A/libSparseBLAS.dylib
0x00000000073fd000 	/System/Library/PrivateFrameworks/GPUCompiler.framework/libmetal_timestamp.dylib
0x00000000073fd000 	/System/Library/Frameworks/OpenGL.framework/Versions/A/Libraries/libCoreFSCache.dylib
0x00000000073fd000 	/System/Library/PrivateFrameworks/IOAccelerator.framework/Versions/A/IOAccelerator
0x00000000073fd000 	/System/Library/Frameworks/ApplicationServices.framework/Versions/A/Frameworks/ATS.framework/Versions/A/Resources/libFontParser.dylib
0x00000000073fd000 	/System/Library/Frameworks/ApplicationServices.framework/Versions/A/Frameworks/ATS.framework/Versions/A/Resources/libFontRegistry.dylib
0x00000000073fd000 	/System/Library/PrivateFrameworks/AppleVPA.framework/Versions/A/AppleVPA
0x00000000073fd000 	/System/Library/PrivateFrameworks/AppleJPEG.framework/Versions/A/AppleJPEG
0x00000000073fd000 	/System/Library/Frameworks/ImageIO.framework/Versions/A/Resources/libJPEG.dylib
0x00000000073fd000 	/System/Library/Frameworks/ImageIO.framework/Versions/A/Resources/libTIFF.dylib
0x00000000073fd000 	/System/Library/Frameworks/ImageIO.framework/Versions/A/Resources/libPng.dylib
0x00000000073fd000 	/System/Library/Frameworks/ImageIO.framework/Versions/A/Resources/libGIF.dylib
0x00000000073fd000 	/System/Library/Frameworks/ImageIO.framework/Versions/A/Resources/libJP2.dylib
0x00000000073fd000 	/System/Library/Frameworks/ImageIO.framework/Versions/A/Resources/libRadiance.dylib
0x00000000073fd000 	/System/Library/Frameworks/CoreVideo.framework/Versions/A/CoreVideo
0x00000000073fd000 	/System/Library/Frameworks/OpenGL.framework/Versions/A/Libraries/libGLU.dylib
0x00000000073fd000 	/System/Library/Frameworks/OpenGL.framework/Versions/A/Libraries/libGFXShared.dylib
0x00000000073fd000 	/System/Library/Frameworks/OpenGL.framework/Versions/A/Libraries/libGL.dylib
0x00000000073fd000 	/System/Library/Frameworks/OpenGL.framework/Versions/A/Libraries/libGLImage.dylib
0x00000000073fd000 	/System/Library/Frameworks/OpenGL.framework/Versions/A/Libraries/libCVMSPluginSupport.dylib
0x00000000073fd000 	/System/Library/Frameworks/OpenGL.framework/Versions/A/Libraries/libCoreVMClient.dylib
0x00000000073fd000 	/usr/lib/libcups.2.dylib
0x00000000073fd000 	/System/Library/Frameworks/Kerberos.framework/Versions/A/Kerberos
0x00000000073fd000 	/System/Library/Frameworks/GSS.framework/Versions/A/GSS
0x00000000073fd000 	/usr/lib/libresolv.9.dylib
0x00000000073fd000 	/usr/lib/libiconv.2.dylib
0x00000000073fd000 	/System/Library/PrivateFrameworks/Heimdal.framework/Versions/A/Heimdal
0x00000000073fd000 	/usr/lib/libheimdal-asn1.dylib
0x00000000073fd000 	/System/Library/Frameworks/OpenDirectory.framework/Versions/A/OpenDirectory
0x00000000073fd000 	/System/Library/PrivateFrameworks/CommonAuth.framework/Versions/A/CommonAuth
0x00000000073fd000 	/System/Library/Frameworks/OpenDirectory.framework/Versions/A/Frameworks/CFOpenDirectory.framework/Versions/A/CFOpenDirectory
0x00000000073fd000 	/System/Library/Frameworks/SecurityFoundation.framework/Versions/A/SecurityFoundation
0x00000000073fd000 	/System/Library/PrivateFrameworks/LanguageModeling.framework/Versions/A/LanguageModeling
0x00000000073fd000 	/usr/lib/libmarisa.dylib
0x00000000073fd000 	/usr/lib/libChineseTokenizer.dylib
0x00000000073fd000 	/usr/lib/libcmph.dylib
0x00000000073fd000 	/usr/lib/libcompression.dylib
0x00000000073fd000 	/System/Library/Frameworks/ServiceManagement.framework/Versions/A/ServiceManagement
0x00000000073fd000 	/usr/lib/libxslt.1.dylib
0x00000000073fd000 	/System/Library/Frameworks/Carbon.framework/Versions/A/Frameworks/Ink.framework/Versions/A/Ink
0x00000000073fd000 	/usr/lib/libFosl_dynamic.dylib
0x00000000073fd000 	/System/Library/PrivateFrameworks/FaceCore.framework/Versions/A/FaceCore
0x00000000073fd000 	/System/Library/Frameworks/OpenCL.framework/Versions/A/OpenCL
0x00000000073fd000 	/System/Library/PrivateFrameworks/CrashReporterSupport.framework/Versions/A/CrashReporterSupport
0x00000000073fd000 	/System/Library/PrivateFrameworks/IconServices.framework/Versions/A/IconServices
0x00000000073fd000 	/System/Library/PrivateFrameworks/Apple80211.framework/Versions/A/Apple80211
0x00000000073fd000 	/System/Library/Frameworks/CoreWLAN.framework/Versions/A/CoreWLAN
0x00000000073fd000 	/System/Library/Frameworks/IOBluetooth.framework/Versions/A/IOBluetooth
0x00000000073fd000 	/System/Library/PrivateFrameworks/CoreWiFi.framework/Versions/A/CoreWiFi
0x00000000073fd000 	/System/Library/Frameworks/CoreBluetooth.framework/Versions/A/CoreBluetooth
0x00000000073fd000 	/System/Library/PrivateFrameworks/ChunkingLibrary.framework/Versions/A/ChunkingLibrary
0x00000000073fd000 	/System/Library/PrivateFrameworks/DebugSymbols.framework/Versions/A/DebugSymbols
0x00000000073fd000 	/System/Library/PrivateFrameworks/CoreSymbolication.framework/Versions/A/CoreSymbolication
0x00000000073fd000 	/System/Library/PrivateFrameworks/Symbolication.framework/Versions/A/Symbolication
0x00000000073fd000 	/System/Library/PrivateFrameworks/SpeechRecognitionCore.framework/Versions/A/SpeechRecognitionCore
0x0000000101d88000 	/Library/Java/JavaVirtualMachines/jdk1.8.0_51.jdk/Contents/Home/jre/lib/server/libjvm.dylib
0x00000000073fd000 	/usr/lib/libstdc++.6.dylib
0x0000000102cf1000 	/Library/Java/JavaVirtualMachines/jdk1.8.0_51.jdk/Contents/Home/jre/lib/libverify.dylib
0x0000000102cff000 	/Library/Java/JavaVirtualMachines/jdk1.8.0_51.jdk/Contents/Home/jre/lib/libjava.dylib
0x0000000102d35000 	/Library/Java/JavaVirtualMachines/jdk1.8.0_51.jdk/Contents/Home/jre/lib/libjdwp.dylib
0x0000000102d80000 	/Library/Java/JavaVirtualMachines/jdk1.8.0_51.jdk/Contents/Home/jre/lib/libnpt.dylib
0x0000000102d91000 	/Library/Java/JavaVirtualMachines/jdk1.8.0_51.jdk/Contents/Home/jre/lib/libzip.dylib
0x0000000118f13000 	/System/Library/Frameworks/JavaVM.framework/Frameworks/JavaRuntimeSupport.framework/JavaRuntimeSupport
0x0000000102deb000 	/System/Library/Frameworks/JavaVM.framework/Versions/A/Frameworks/JavaNativeFoundation.framework/Versions/A/JavaNativeFoundation
0x0000000118f2e000 	/System/Library/Frameworks/JavaVM.framework/Versions/A/JavaVM
0x00000000073fd000 	/System/Library/Frameworks/Carbon.framework/Versions/A/Carbon
0x0000000118f3b000 	/System/Library/PrivateFrameworks/JavaLaunching.framework/Versions/A/JavaLaunching
0x00000000073fd000 	/System/Library/Frameworks/Carbon.framework/Versions/A/Frameworks/CommonPanels.framework/Versions/A/CommonPanels
0x00000000073fd000 	/System/Library/Frameworks/Carbon.framework/Versions/A/Frameworks/Help.framework/Versions/A/Help
0x00000000073fd000 	/System/Library/Frameworks/Carbon.framework/Versions/A/Frameworks/ImageCapture.framework/Versions/A/ImageCapture
0x00000000073fd000 	/System/Library/Frameworks/Carbon.framework/Versions/A/Frameworks/OpenScripting.framework/Versions/A/OpenScripting
0x00000000073fd000 	/System/Library/Frameworks/Carbon.framework/Versions/A/Frameworks/Print.framework/Versions/A/Print
0x00000000073fd000 	/System/Library/Frameworks/Carbon.framework/Versions/A/Frameworks/SecurityHI.framework/Versions/A/SecurityHI
0x000000011a85c000 	/Library/Java/JavaVirtualMachines/jdk1.8.0_51.jdk/Contents/Home/jre/lib/libdt_socket.dylib
0x000000011ae4b000 	/Library/Java/JavaVirtualMachines/jdk1.8.0_51.jdk/Contents/Home/jre/lib/libsunec.dylib
0x000000011acf6000 	/Library/Java/JavaVirtualMachines/jdk1.8.0_51.jdk/Contents/Home/jre/lib/libnet.dylib

VM Arguments:
jvm_args: -agentlib:jdwp=transport=dt_socket,address=127.0.0.1:54066,suspend=y,server=n -Dfile.encoding=UTF-8 
java_command: ScalaTwitterClientExample
java_class_path (initial): /Library/Java/JavaVirtualMachines/jdk1.8.0_51.jdk/Contents/Home/jre/lib/charsets.jar:/Library/Java/JavaVirtualMachines/jdk1.8.0_51.jdk/Contents/Home/jre/lib/deploy.jar:/Library/Java/JavaVirtualMachines/jdk1.8.0_51.jdk/Contents/Home/jre/lib/ext/cldrdata.jar:/Library/Java/JavaVirtualMachines/jdk1.8.0_51.jdk/Contents/Home/jre/lib/ext/dnsns.jar:/Library/Java/JavaVirtualMachines/jdk1.8.0_51.jdk/Contents/Home/jre/lib/ext/jfxrt.jar:/Library/Java/JavaVirtualMachines/jdk1.8.0_51.jdk/Contents/Home/jre/lib/ext/localedata.jar:/Library/Java/JavaVirtualMachines/jdk1.8.0_51.jdk/Contents/Home/jre/lib/ext/nashorn.jar:/Library/Java/JavaVirtualMachines/jdk1.8.0_51.jdk/Contents/Home/jre/lib/ext/sunec.jar:/Library/Java/JavaVirtualMachines/jdk1.8.0_51.jdk/Contents/Home/jre/lib/ext/sunjce_provider.jar:/Library/Java/JavaVirtualMachines/jdk1.8.0_51.jdk/Contents/Home/jre/lib/ext/sunpkcs11.jar:/Library/Java/JavaVirtualMachines/jdk1.8.0_51.jdk/Contents/Home/jre/lib/ext/zipfs.jar:/Library/Java/JavaVirtualMachines/jdk1.8.0_51.jdk/Contents/Home/jre/lib/javaws.jar:/Library/Java/JavaVirtualMachines/jdk1.8.0_51.jdk/Contents/Home/jre/lib/jce.jar:/Library/Java/JavaVirtualMachines/jdk1.8.0_51.jdk/Contents/Home/jre/lib/jfr.jar:/Library/Java/JavaVirtualMachines/jdk1.8.0_51.jdk/Contents/Home/jre/lib/jfxswt.jar:/Library/Java/JavaVirtualMachines/jdk1.8.0_51.jdk/Contents/Home/jre/lib/jsse.jar:/Library/Java/JavaVirtualMachines/jdk1.8.0_51.jdk/Contents/Home/jre/lib/management-agent.jar:/Library/Java/JavaVirtualMachines/jdk1.8.0_51.jdk/Contents/Home/jre/lib/plugin.jar:/Library/Java/JavaVirtualMachines/jdk1.8.0_51.jdk/Contents/Home/jre/lib/resources.jar:/Library/Java/JavaVirtualMachines/jdk1.8.0_51.jdk/Contents/Home/jre/lib/rt.jar:/Library/Java/JavaVirtualMachines/jdk1.8.0_51.jdk/Contents/Home/lib/ant-javafx.jar:/Library/Java/JavaVirtualMachines/jdk1.8.0_51.jdk/Contents/Home/lib/dt.jar:/Library/Java/JavaVirtualMachines/jdk1.8.0_51.jdk/Contents/Home/lib/javafx-mx.jar:/Library/Java/Jav
Launcher Type: SUN_STANDARD

Environment Variables:
JAVA_HOME=/Library/Java/JavaVirtualMachines/jdk1.8.0_11.jdk/Contents/Home/
PATH=/Users/williamtachau/.rbenv/shims:/opt/local/bin:/opt/local/sbin:/usr/local/bin:/usr/local/bin:/usr/bin:/bin:/usr/sbin:/sbin:/opt/X11/bin:/usr/local/go/bin:/opt/ImageMagick/bin:/Users/williamtachau/Development/Libraries/play-2.2.6:/Users/williamtachau/go/bin/:/Users/williamtachau/Development/Libraries/include_path:/usr/local/mysql/bin
SHELL=/bin/bash
DISPLAY=/private/tmp/com.apple.launchd.NADAY4bVuW/org.macosforge.xquartz:0

Signal Handlers:
SIGSEGV: [libjvm.dylib+0x58ef35], sa_mask[0]=11111111011111110111111111111111, sa_flags=SA_ONSTACK|SA_RESTART|SA_SIGINFO
SIGBUS: [libjvm.dylib+0x58ef35], sa_mask[0]=11111111011111110111111111111111, sa_flags=SA_RESTART|SA_SIGINFO
SIGFPE: [libjvm.dylib+0x46c028], sa_mask[0]=11111111011111110111111111111111, sa_flags=SA_RESTART|SA_SIGINFO
SIGPIPE: [libjvm.dylib+0x46c028], sa_mask[0]=11111111011111110111111111111111, sa_flags=SA_RESTART|SA_SIGINFO
SIGXFSZ: [libjvm.dylib+0x46c028], sa_mask[0]=11111111011111110111111111111111, sa_flags=SA_RESTART|SA_SIGINFO
SIGILL: [libjvm.dylib+0x46c028], sa_mask[0]=11111111011111110111111111111111, sa_flags=SA_RESTART|SA_SIGINFO
SIGUSR1: SIG_DFL, sa_mask[0]=00000000000000000000000000000000, sa_flags=none
SIGUSR2: [libjvm.dylib+0x46bb46], sa_mask[0]=00100000000000000000000000000000, sa_flags=SA_RESTART|SA_SIGINFO
SIGHUP: [libjvm.dylib+0x46a119], sa_mask[0]=11111111011111110111111111111111, sa_flags=SA_RESTART|SA_SIGINFO
SIGINT: [libjvm.dylib+0x46a119], sa_mask[0]=11111111011111110111111111111111, sa_flags=SA_RESTART|SA_SIGINFO
SIGTERM: [libjvm.dylib+0x46a119], sa_mask[0]=11111111011111110111111111111111, sa_flags=SA_RESTART|SA_SIGINFO
SIGQUIT: [libjvm.dylib+0x46a119], sa_mask[0]=11111111011111110111111111111111, sa_flags=SA_RESTART|SA_SIGINFO


---------------  S Y S T E M  ---------------

OS:Bsduname:Darwin 15.0.0 Darwin Kernel Version 15.0.0: Sat Sep 19 15:53:46 PDT 2015; root:xnu-3247.10.11~1/RELEASE_X86_64 x86_64
rlimit: STACK 8192k, CORE 0k, NPROC 709, NOFILE 10240, AS infinity
load average:19.44 16.57 17.42

CPU:total 4 (2 cores per cpu, 2 threads per core) family 6 model 69 stepping 1, cmov, cx8, fxsr, mmx, sse, sse2, sse3, ssse3, sse4.1, sse4.2, popcnt, avx, avx2, aes, clmul, erms, lzcnt, ht, tsc, tscinvbit, bmi1, bmi2

Memory: 4k page, physical 8388608k(74896k free)

/proc/meminfo:


vm_info: Java HotSpot(TM) 64-Bit Server VM (25.51-b03) for bsd-amd64 JRE (1.8.0_51-b16), built on Jun  8 2015 18:01:11 by "java_re" with gcc 4.2.1 (Based on Apple Inc. build 5658) (LLVM build 2336.11.00)

time: Mon Dec  7 21:07:24 2015
elapsed time: 1044 seconds (0d 0h 17m 24s)

